/lhome/loadl/execute/allogin1.fkf.mpg.de.88983.0/0submit: /usr/share/modules/init/bash[11]: export: -f: unknown option
*** Error in `/home/dattani/NECI_2019_01_16/build/bin/mneci': free(): invalid next size (fast): 0x0000000003f3cb00 ***
======= Backtrace: =========
/lib64/libc.so.6(+0x721af)[0x2b70395081af]
/lib64/libc.so.6(+0x779d6)[0x2b703950d9d6]
/lib64/libc.so.6(+0x78723)[0x2b703950e723]
/home/dattani/NECI_2019_01_16/build/bin/mneci[0xdb05b8]
/home/dattani/NECI_2019_01_16/build/bin/mneci[0x5d318a]
/home/dattani/NECI_2019_01_16/build/bin/mneci[0x4f7676]
/home/dattani/NECI_2019_01_16/build/bin/mneci[0x4be31f]
/home/dattani/NECI_2019_01_16/build/bin/mneci[0x40fa4e]
/home/dattani/NECI_2019_01_16/build/bin/mneci[0x408331]
/home/dattani/NECI_2019_01_16/build/bin/mneci[0x407dfe]
/lib64/libc.so.6(__libc_start_main+0xf5)[0x2b70394b66e5]
/home/dattani/NECI_2019_01_16/build/bin/mneci[0x407d09]
======= Memory map: ========
00400000-0100e000 r-xp 00000000 00:2d 98851767610                        /home/dattani/NECI_2019_01_16/build/bin/mneci
0120e000-0120f000 r--p 00c0e000 00:2d 98851767610                        /home/dattani/NECI_2019_01_16/build/bin/mneci
0120f000-01243000 rw-p 00c0f000 00:2d 98851767610                        /home/dattani/NECI_2019_01_16/build/bin/mneci
01243000-01498000 rw-p 00000000 00:00 0 
026d4000-169c1000 rw-p 00000000 00:00 0                                  [heap]
2b7036de4000-2b7036e05000 r-xp 00000000 08:01 15491                      /lib64/ld-2.22.so
2b7036e05000-2b7036e07000 rw-p 00000000 00:00 0 
2b7036e07000-2b7036e08000 r--s 0fb00000 00:06 12273                      /dev/infiniband/uverbs0
2b7036e08000-2b7036e09000 r--p 173364000 00:06 12273                     /dev/infiniband/uverbs0
2b7036e09000-2b7036e0a000 -w-s 00200000 00:06 12273                      /dev/infiniband/uverbs0
2b7036e0a000-2b7036e0b000 -w-s 00201000 00:06 12273                      /dev/infiniband/uverbs0
2b7036e0b000-2b7036e0c000 -w-s 00202000 00:06 12273                      /dev/infiniband/uverbs0
2b7036e0c000-2b7036e0d000 -w-s 00203000 00:06 12273                      /dev/infiniband/uverbs0
2b7036e0d000-2b7036e0e000 -w-s 00204000 00:06 12273                      /dev/infiniband/uverbs0
2b7036e0e000-2b7036e0f000 -w-s 00205000 00:06 12273                      /dev/infiniband/uverbs0
2b7036e0f000-2b7036e10000 -w-s 00206000 00:06 12273                      /dev/infiniband/uverbs0
2b7036e10000-2b7036e11000 -w-s 00207000 00:06 12273                      /dev/infiniband/uverbs0
2b7036e11000-2b7036e12000 r--s 0fb00000 00:06 12273                      /dev/infiniband/uverbs0
2b7036e12000-2b7036e13000 r--p 173364000 00:06 12273                     /dev/infiniband/uverbs0
2b7036e13000-2b7036e14000 -w-s 00200000 00:06 12273                      /dev/infiniband/uverbs0
2b7036e14000-2b7036e15000 -w-s 00201000 00:06 12273                      /dev/infiniband/uverbs0
2b7036e15000-2b7036e16000 -w-s 00202000 00:06 12273                      /dev/infiniband/uverbs0
2b7036e16000-2b7036e17000 -w-s 00203000 00:06 12273                      /dev/infiniband/uverbs0
2b7036e17000-2b7036e20000 rw-p 00000000 00:00 0 
2b7036e20000-2b7036e21000 -w-s 00204000 00:06 12273                      /dev/infiniband/uverbs0
2b7036e21000-2b7036e22000 -w-s 00205000 00:06 12273                      /dev/infiniband/uverbs0
2b7036e22000-2b7036e23000 -w-s 00206000 00:06 12273                      /dev/infiniband/uverbs0
2b7036e23000-2b7036e24000 -w-s 00207000 00:06 12273                      /dev/infiniband/uverbs0
2b7036e24000-2b7036e44000 rw-s 0fc11000 00:06 12273                      /dev/infiniband/uverbs0
2b7036e44000-2b7036e64000 rw-s 0fc11000 00:06 12273                      /dev/infiniband/uverbs0
2b7036e64000-2b7036eec000 rw-s 0fd14000 00:06 12273                      /dev/infiniband/uverbs0
2b7036eec000-2b7036fcb000 rw-p 00000000 00:00 0 
2b7036fcb000-2b7036feb000 rw-s 0fc11000 00:06 12273                      /dev/infiniband/uverbs0
2b7036feb000-2b7036ffc000 rw-s 0fd11000 00:06 12273                      /dev/infiniband/uverbs0
2b7036ffc000-2b7036ffd000 rw-s 00000000 00:13 32591452                   /dev/shm/Intel_MPI_KWCEwa (deleted)
2b7036ffd000-2b7036ffe000 rw-p 00000000 00:00 0 
2b7037004000-2b7037005000 r--p 00020000 08:01 15491                      /lib64/ld-2.22.so
2b7037005000-2b7037006000 rw-p 00021000 08:01 15491                      /lib64/ld-2.22.so
2b7037006000-2b7037007000 rw-p 00000000 00:00 0 
2b7037007000-2b7037359000 r-xp 00000000 00:2b 12763664                   /usr/local/server/IntelStudio_2015/composer_xe_2015.1.133/mkl/lib/intel64/libmkl_rt.so
2b7037359000-2b7037559000 ---p 00352000 00:2b 12763664                   /usr/local/server/IntelStudio_2015/composer_xe_2015.1.133/mkl/lib/intel64/libmkl_rt.so
2b7037559000-2b703755f000 r--p 00352000 00:2b 12763664                   /usr/local/server/IntelStudio_2015/composer_xe_2015.1.133/mkl/lib/intel64/libmkl_rt.so
2b703755f000-2b7037560000 rw-p 00358000 00:2b 12763664                   /usr/local/server/IntelStudio_2015/composer_xe_2015.1.133/mkl/lib/intel64/libmkl_rt.so
2b7037560000-2b703756f000 rw-p 00000000 00:00 0 
2b703756f000-2b7037587000 r-xp 00000000 08:01 15529                      /lib64/libpthread-2.22.so
2b7037587000-2b7037786000 ---p 00018000 08:01 15529                      /lib64/libpthread-2.22.so
2b7037786000-2b7037787000 r--p 00017000 08:01 15529                      /lib64/libpthread-2.22.so
2b7037787000-2b7037788000 rw-p 00018000 08:01 15529                      /lib64/libpthread-2.22.so
2b7037788000-2b703778c000 rw-p 00000000 00:00 0 
2b703778c000-2b7037793000 r-xp 00000000 08:01 15533                      /lib64/librt-2.22.so
2b7037793000-2b7037992000 ---p 00007000 08:01 15533                      /lib64/librt-2.22.so
2b7037992000-2b7037993000 r--p 00006000 08:01 15533                      /lib64/librt-2.22.so
2b7037993000-2b7037994000 rw-p 00007000 08:01 15533                      /lib64/librt-2.22.so
2b7037994000-2b7037a19000 r-xp 00000000 00:2b 12927971                   /usr/local/server/IntelStudio_2015/impi/5.0.2.044/intel64/lib/libmpifort.so.12.0
2b7037a19000-2b7037c18000 ---p 00085000 00:2b 12927971                   /usr/local/server/IntelStudio_2015/impi/5.0.2.044/intel64/lib/libmpifort.so.12.0
2b7037c18000-2b7037c1c000 rw-p 00084000 00:2b 12927971                   /usr/local/server/IntelStudio_2015/impi/5.0.2.044/intel64/lib/libmpifort.so.12.0
2b7037c1c000-2b7037c1d000 rw-p 00000000 00:00 0 
2b7037c1d000-2b703810b000 r-xp 00000000 00:2b 8675382                    /usr/local/server/IntelStudio_2015/impi/5.0.2.044/intel64/lib/release_mt/libmpi.so.12.0
2b703810b000-2b703830b000 ---p 004ee000 00:2b 8675382                    /usr/local/server/IntelStudio_2015/impi/5.0.2.044/intel64/lib/release_mt/libmpi.so.12.0
2b703830b000-2b703833e000 rw-p 004ee000 00:2b 8675382                    /usr/local/server/IntelStudio_2015/impi/5.0.2.044/intel64/lib/release_mt/libmpi.so.12.0
2b703833e000-2b7038390000 rw-p 00000000 00:00 0 
2b7038390000-2b7038392000 r-xp 00000000 08:01 15505                      /lib64/libdl-2.22.so
2b7038392000-2b7038592000 ---p 00002000 08:01 15505                      /lib64/libdl-2.22.so
2b7038592000-2b7038593000 r--p 00002000 08:01 15505                      /lib64/libdl-2.22.so
2b7038593000-2b7038594000 rw-p 00003000 08:01 15505                      /lib64/libdl-2.22.so
2b7038594000-2b70385a9000 r-xp 00000000 08:01 15595                      /lib64/libz.so.1.2.8
2b70385a9000-2b70387a8000 ---p 00015000 08:01 15595                      /lib64/libz.so.1.2.8
2b70387a8000-2b70387a9000 r--p 00014000 08:01 15595                      /lib64/libz.so.1.2.8
2b70387a9000-2b70387aa000 rw-p 00015000 08:01 15595                      /lib64/libz.so.1.2.8
2b70387aa000-2b70387c7000 r-xp 00000000 00:2b 12927969                   /usr/local/server/IntelStudio_2015/impi/5.0.2.044/intel64/lib/libmpicxx.so.12.0
2b70387c7000-2b70389c7000 ---p 0001d000 00:2b 12927969                   /usr/local/server/IntelStudio_2015/impi/5.0.2.044/intel64/lib/libmpicxx.so.12.0
2b70389c7000-2b70389ca000 rw-p 0001d000 00:2b 12927969                   /usr/local/server/IntelStudio_2015/impi/5.0.2.044/intel64/lib/libmpicxx.so.12.0
2b70389ca000-2b70389cf000 r-xp 00000000 00:2b 12485917                   /usr/local/server/IntelStudio_2015/composer_xe_2015.1.133/compiler/lib/intel64/libirng.so
2b70389cf000-2b7038bcf000 ---p 00005000 00:2b 12485917                   /usr/local/server/IntelStudio_2015/composer_xe_2015.1.133/compiler/lib/intel64/libirng.so
2b7038bcf000-2b7038bd1000 rw-p 00005000 00:2b 12485917                   /usr/local/server/IntelStudio_2015/composer_xe_2015.1.133/compiler/lib/intel64/libirng.so
2b7038bd1000-2b7038c0b000 r-xp 00000000 00:2b 12485873                   /usr/local/server/IntelStudio_2015/composer_xe_2015.1.133/compiler/lib/intel64/libcilkrts.so.5
2b7038c0b000-2b7038e0a000 ---p 0003a000 00:2b 12485873                   /usr/local/server/IntelStudio_2015/composer_xe_2015.1.133/compiler/lib/intel64/libcilkrts.so.5
2b7038e0a000-2b7038e0b000 r--p 00039000 00:2b 12485873                   /usr/local/server/IntelStudio_2015/composer_xe_2015.1.133/compiler/lib/intel64/libcilkrts.so.5
2b7038e0b000-2b7038e0d000 rw-p 0003a000 00:2b 12485873                   /usr/local/server/IntelStudio_2015/composer_xe_2015.1.133/compiler/lib/intel64/libcilkrts.so.5
2b7038e0d000-2b7038e10000 rw-p 00000000 00:00 0 
2b7038e10000-2b7038f89000 r-xp 00000000 fe:00 198796                     /usr/lib64/libstdc++.so.6.0.22
2b7038f89000-2b7039189000 ---p 00179000 fe:00 198796                     /usr/lib64/libstdc++.so.6.0.22
2b7039189000-2b7039193000 r--p 00179000 fe:00 198796                     /usr/lib64/libstdc++.so.6.0.22
2b7039193000-2b7039195000 rw-p 00183000 fe:00 198796                     /usr/lib64/libstdc++.so.6.0.22
2b7039195000-2b7039199000 rw-p 00000000 00:00 0 
2b7039199000-2b7039295000 r-xp 00000000 08:01 15507                      /lib64/libm-2.22.so
2b7039295000-2b7039494000 ---p 000fc000 08:01 15507                      /lib64/libm-2.22.so
2b7039494000-2b7039495000 r--p 000fb000 08:01 15507                      /lib64/libm-2.22.so
2b7039495000-2b7039496000 rw-p 000fc000 08:01 15507                      /lib64/libm-2.22.so
2b7039496000-2b7039630000 r-xp 00000000 08:01 15499                      /lib64/libc-2.22.so
2b7039630000-2b703982f000 ---p 0019a000 08:01 15499                      /lib64/libc-2.22.so
2b703982f000-2b7039833000 r--p 00199000 08:01 15499                      /lib64/libc-2.22.so
2b7039833000-2b7039835000 rw-p 0019d000 08:01 15499                      /lib64/libc-2.22.so
2b7039835000-2b7039839000 rw-p 00000000 00:00 0 
2b7039839000-2b703984f000 r-xp 00000000 08:01 15551                      /lib64/libgcc_s.so.1
2b703984f000-2b7039a4e000 ---p 00016000 08:01 15551                      /lib64/libgcc_s.so.1
2b7039a4e000-2b7039a4f000 r--p 00015000 08:01 15551                      /lib64/libgcc_s.so.1
2b7039a4f000-2b7039a50000 rw-p 00016000 08:01 15551                      /lib64/libgcc_s.so.1
2b7039a50000-2b7039aa9000 r-xp 00000000 00:2b 12485906                   /usr/local/server/IntelStudio_2015/composer_xe_2015.1.133/compiler/lib/intel64/libintlc.so.5
2b7039aa9000-2b7039ca8000 ---p 00059000 00:2b 12485906                   /usr/local/server/IntelStudio_2015/composer_xe_2015.1.133/compiler/lib/intel64/libintlc.so.5
2b7039ca8000-2b7039caa000 rw-p 00058000 00:2b 12485906                   /usr/local/server/IntelStudio_2015/composer_xe_2015.1.133/compiler/lib/intel64/libintlc.so.5
2b7039caa000-2b7039cab000 rw-p 00000000 00:00 0 
2b7039cab000-2b7053e47000 rw-s 00000000 00:13 32591233                   /dev/shm/Intel_MPI_xKu1we (deleted)
2b7053e47000-2b7053e52000 r-xp 00000000 fe:00 199882                     /usr/lib64/libdat2.so.2.0.0
2b7053e52000-2b7054051000 ---p 0000b000 fe:00 199882                     /usr/lib64/libdat2.so.2.0.0
2b7054051000-2b7054052000 r--p 0000a000 fe:00 199882                     /usr/lib64/libdat2.so.2.0.0
2b7054052000-2b7054053000 rw-p 0000b000 fe:00 199882                     /usr/lib64/libdat2.so.2.0.0
2b7054053000-2b70540f9000 rw-p 00000000 00:00 0 
2b70540f9000-2b705410a000 rw-s 0fd11000 00:06 12273                      /dev/infiniband/uverbs0
2b705410a000-2b705411b000 rw-s 0fd11000 00:06 12273                      /dev/infiniband/uverbs0
2b705411b000-2b705412c000 rw-s 0fd11000 00:06 12273                      /dev/infiniband/uverbs0
2b705412c000-2b705413d000 rw-s 0fd11000 00:06 12273                      /dev/infiniband/uverbs0
2b705413d000-2b705414e000 rw-s 0fd11000 00:06 12273                      /dev/infiniband/uverbs0
2b705414e000-2b705415f000 rw-s 0fd11000 00:06 12273                      /dev/infiniband/uverbs0
2b705415f000-2b7054170000 rw-s 0fd11000 00:06 12273                      /dev/infiniband/uverbs0
2b7054170000-2b70541b1000 rw-s 00000000 00:13 32141572                   /dev/shm/Intel_MPI_9SuXJc (deleted)
2b70541b1000-2b70541c2000 rw-s 0fd11000 00:06 12273                      /dev/infiniband/uverbs0
2b70541c2000-2b70541d3000 rw-s 0fd11000 00:06 12273                      /dev/infiniband/uverbs0
2b70541d3000-2b70541e4000 rw-s 0fd11000 00:06 12273                      /dev/infiniband/uverbs0
2b70541f1000-2b7054232000 rw-s 00000000 00:13 32141571                   /dev/shm/Intel_MPI_iSrNph (deleted)
2b7054232000-2b7054273000 rw-s 00000000 00:13 32677915                   /dev/shm/Intel_MPI_54rTph (deleted)
2b7054278000-2b705428f000 r-xp 00000000 fe:00 198945                     /usr/lib64/libibverbs.so.1.0.0
2b705428f000-2b705448f000 ---p 00017000 fe:00 198945                     /usr/lib64/libibverbs.so.1.0.0
2b705448f000-2b7054490000 r--p 00017000 fe:00 198945                     /usr/lib64/libibverbs.so.1.0.0
2b7054490000-2b7054491000 rw-p 00018000 fe:00 198945                     /usr/lib64/libibverbs.so.1.0.0
2b7054491000-2b70544de000 r-xp 00000000 fe:00 198649                     /usr/lib64/libnl-route-3.so.200.18.0
2b70544de000-2b70546dd000 ---p 0004d000 fe:00 198649                     /usr/lib64/libnl-route-3.so.200.18.0
2b70546dd000-2b70546e0000 r--p 0004c000 fe:00 198649                     /usr/lib64/libnl-route-3.so.200.18.0
2b70546e0000-2b70546e4000 rw-p 0004f000 fe:00 198649                     /usr/lib64/libnl-route-3.so.200.18.0
2b70546e4000-2b70546e6000 rw-p 00000000 00:00 0 
2b70546e6000-2b7054702000 r-xp 00000000 fe:00 198639                     /usr/lib64/libnl-3.so.200.18.0
2b7054702000-2b7054901000 ---p 0001c000 fe:00 198639                     /usr/lib64/libnl-3.so.200.18.0
2b7054901000-2b7054903000 r--p 0001b000 fe:00 198639                     /usr/lib64/libnl-3.so.200.18.0
2b7054903000-2b7054904000 rw-p 0001d000 fe:00 198639                     /usr/lib64/libnl-3.so.200.18.0
2b7054904000-2b7054927000 r-xp 00000000 fe:00 199384                     /usr/lib64/libmlx4-rdmav2.so
2b7054927000-2b7054b26000 ---p 00023000 fe:00 199384                     /usr/lib64/libmlx4-rdmav2.so
2b7054b26000-2b7054b27000 r--p 00022000 fe:00 199384                     /usr/lib64/libmlx4-rdmav2.so
2b7054b27000-2b7054b29000 rw-p 00023000 fe:00 199384                     /usr/lib64/libmlx4-rdmav2.so
2b7054b29000-2b7054b6b000 r-xp 00000000 fe:00 199386                     /usr/lib64/libmlx5-rdmav2.so
2b7054b6b000-2b7054d6a000 ---p 00042000 fe:00 199386                     /usr/lib64/libmlx5-rdmav2.so
2b7054d6a000-2b7054d6b000 r--p 00041000 fe:00 199386                     /usr/lib64/libmlx5-rdmav2.so
2b7054d6b000-2b7054d6c000 rw-p 00042000 fe:00 199386                     /usr/lib64/libmlx5-rdmav2.so
2b7054d6c000-2b7054d94000 r-xp 00000000 fe:00 199880                     /usr/lib64/libdaploucm.so.2.0.0
2b7054d94000-2b7054f93000 ---p 00028000 fe:00 199880                     /usr/lib64/libdaploucm.so.2.0.0
2b7054f93000-2b7054f94000 r--p 00027000 fe:00 199880                     /usr/lib64/libdaploucm.so.2.0.0
2b7054f94000-2b7054f95000 rw-p 00028000 fe:00 199880                     /usr/lib64/libdaploucm.so.2.0.0
2b7054f95000-2b7054f96000 ---p 00000000 00:00 0 
2b7054f96000-2b7057f5e000 rw-p 00000000 00:00 0 
2b7057f5e000-2b7057f9f000 rw-s 00000000 00:13 32134558                   /dev/shm/Intel_MPI_iF1cKc (deleted)
2b7057f9f000-2b7057fe0000 rw-s 00000000 00:13 32122639                   /dev/shm/Intel_MPI_xMolKc (deleted)
2b7057fe0000-2b7057ff1000 rw-s 0fd11000 00:06 12273                      /dev/infiniband/uverbs0
2b7058000000-2b7058021000 rw-p 00000000 00:00 0 
2b7058021000-2b705c000000 ---p 00000000 00:00 0 
2b705c000000-2b705e9f7000 rw-p 00000000 00:00 0 
2b705e9f7000-2b70602d6000 r-xp 00000000 00:2b 12763646                   /usr/local/server/IntelStudio_2015/composer_xe_2015.1.133/mkl/lib/intel64/libmkl_core.so
2b70602d6000-2b70604d6000 ---p 018df000 00:2b 12763646                   /usr/local/server/IntelStudio_2015/composer_xe_2015.1.133/mkl/lib/intel64/libmkl_core.so
2b70604d6000-2b70604ee000 r--p 018df000 00:2b 12763646                   /usr/local/server/IntelStudio_2015/composer_xe_2015.1.133/mkl/lib/intel64/libmkl_core.so
2b70604ee000-2b70604fc000 rw-p 018f7000 00:2b 12763646                   /usr/local/server/IntelStudio_2015/composer_xe_2015.1.133/mkl/lib/intel64/libmkl_core.so
2b70604fc000-2b7060550000 rw-p 00000000 00:00 0 
2b7060550000-2b706064c000 r-xp 00000000 00:2b 12485909                   /usr/local/server/IntelStudio_2015/composer_xe_2015.1.133/compiler/lib/intel64/libiomp5.so
2b706064c000-2b706084c000 ---p 000fc000 00:2b 12485909                   /usr/local/server/IntelStudio_2015/composer_xe_2015.1.133/compiler/lib/intel64/libiomp5.so
2b706084c000-2b7060857000 rw-p 000fc000 00:2b 12485909                   /usr/local/server/IntelStudio_2015/composer_xe_2015.1.133/compiler/lib/intel64/libiomp5.so
2b7060857000-2b7060885000 rw-p 00000000 00:00 0 
2b7060885000-2b7061881000 r-xp 00000000 00:2b 12763659                   /usr/local/server/IntelStudio_2015/composer_xe_2015.1.133/mkl/lib/intel64/libmkl_intel_thread.so
2b7061881000-2b7061a80000 ---p 00ffc000 00:2b 12763659                   /usr/local/server/IntelStudio_2015/composer_xe_2015.1.133/mkl/lib/intel64/libmkl_intel_thread.so
2b7061a80000-2b7061a81000 r--p 00ffb000 00:2b 12763659                   /usr/local/server/IntelStudio_2015/composer_xe_2015.1.133/mkl/lib/intel64/libmkl_intel_thread.so
2b7061a81000-2b7061c1c000 rw-p 00ffc000 00:2b 12763659                   /usr/local/server/IntelStudio_2015/composer_xe_2015.1.133/mkl/lib/intel64/libmkl_intel_thread.so
2b7061c1c000-2b7061c20000 rw-p 00000000 00:00 0 
2b7061c20000-2b706231d000 r-xp 00000000 00:2b 12763657                   /usr/local/server/IntelStudio_2015/composer_xe_2015.1.133/mkl/lib/intel64/libmkl_intel_lp64.so
2b706231d000-2b706251d000 ---p 006fd000 00:2b 12763657                   /usr/local/server/IntelStudio_2015/composer_xe_2015.1.133/mkl/lib/intel64/libmkl_intel_lp64.so
2b706251d000-2b706251e000 r--p 006fd000 00:2b 12763657                   /usr/local/server/IntelStudio_2015/composer_xe_2015.1.133/mkl/lib/intel64/libmkl_intel_lp64.so
2b706251e000-2b706252e000 rw-p 006fe000 00:2b 12763657                   /usr/local/server/IntelStudio_2015/composer_xe_2015.1.133/mkl/lib/intel64/libmkl_intel_lp64.so
2b706252e000-2b7062533000 rw-p 00000000 00:00 0 
2b7062533000-2b7063efc000 r-xp 00000000 00:2b 12763628                   /usr/local/server/IntelStudio_2015/composer_xe_2015.1.133/mkl/lib/intel64/libmkl_avx2.so
2b7063efc000-2b70640fb000 ---p 019c9000 00:2b 12763628                   /usr/local/server/IntelStudio_2015/composer_xe_2015.1.133/mkl/lib/intel64/libmkl_avx2.so
2b70640fb000-2b7064100000 r--p 019c8000 00:2b 12763628                   /usr/local/server/IntelStudio_2015/composer_xe_2015.1.133/mkl/lib/intel64/libmkl_avx2.so
2b7064100000-2b7064106000 rw-p 019cd000 00:2b 12763628                   /usr/local/server/IntelStudio_2015/composer_xe_2015.1.133/mkl/lib/intel64/libmkl_avx2.so
2b7064106000-2b7064107000 rw-p 00000000 00:00 0 
2b7064107000-2b7064972000 rw-s 00000000 00:13 32591451                   /dev/shm/Intel_MPI_ScAPwc (deleted)
2b7064972000-2b70b2b75000 rw-p 00000000 00:00 0 
2b70b5e67000-2b70b9159000 rw-p 00000000 00:00 0 
2b70bc7b6000-2b70bf120000 rw-p 00000000 00:00 0 
2b70c1746000-2b70c1757000 rw-s 0fd11000 00:06 12273                      /dev/infiniband/uverbs0
2b70c1757000-2b70c1768000 rw-s 0fd11000 00:06 12273                      /dev/infiniband/uverbs0
2b70c1768000-2b70c1779000 rw-s 0fd11000 00:06 12273                      /dev/infiniband/uverbs0
2b70c1779000-2b70c17ba000 rw-s 00000000 00:13 32141643                   /dev/shm/Intel_MPI_NILP1V (deleted)
2b70c17ba000-2b70c17fb000 rw-s 00000000 00:13 32141644                   /dev/shm/Intel_MPI_ywiIjF (deleted)
2b70c17fb000-2b70c183c000 rw-s 00000000 00:13 32141645                   /dev/shm/Intel_MPI_py3JBo (deleted)
2b70c183c000-2b70c187d000 rw-s 00000000 00:13 32141646                   /dev/shm/Intel_MPI_XZXLT7 (deleted)
2b70c187d000-2b70c18be000 rw-s 00000000 00:13 32141647                   /dev/shm/Intel_MPI_fa0NbR (deleted)
2b70c18be000-2b70c18ff000 rw-s 00000000 00:13 32141648                   /dev/shm/Intel_MPI_LCWPtA (deleted)
2b70c18ff000-2b70c1940000 rw-s 00000000 00:13 32141649                   /dev/shm/Intel_MPI_m80RLj (deleted)
2b70c1940000-2b70c1981000 rw-s 00000000 00:13 32141650                   /dev/shm/Intel_MPI_sosW32 (deleted)
2b70c1981000-2b70c19c2000 rw-s 00000000 00:13 32141651                   /dev/shm/Intel_MPI_o910lM (deleted)
2b70c19c2000-2b70c1a03000 rw-s 00000000 00:13 32141652                   /dev/shm/Intel_MPI_ABL5Dv (deleted)
2b70c1a03000-2b70c1a44000 rw-s 00000000 00:13 32141653                   /dev/shm/Intel_MPI_DZAdWe (deleted)
2b70c1a44000-2b70c1a85000 rw-s 00000000 00:13 32141654                   /dev/shm/Intel_MPI_7scneY (deleted)
2b70c1a85000-2b70c1ac6000 rw-s 00000000 00:13 32142943                   /dev/shm/Intel_MPI_9yiApZ (deleted)
2b70c1ac6000-2b70c1b07000 rw-s 00000000 00:13 32681017                   /dev/shm/Intel_MPI_8YNSo4 (deleted)
2b70c1b07000-2b70c1b48000 rw-s 00000000 00:13 32675084                   /dev/shm/Intel_MPI_hRRal0 (deleted)
2b70c1b48000-2b70c1b59000 rw-s 0fd11000 00:06 12273                      /dev/infiniband/uverbs0
2b70c1b59000-2b70c1b9a000 rw-s 00000000 00:13 32469726                   /dev/shm/Intel_MPI_Dzz8bP (deleted)
2b70c1b9a000-2b70c1bab000 rw-s 0fd11000 00:06 12273                      /dev/infiniband/uverbs0
2b70c1bab000-2b70c1bbc000 rw-s 0fd11000 00:06 12273                      /dev/infiniband/uverbs0
2b70c1bbc000-2b70c1bcd000 rw-s 0fd11000 00:06 12273                      /dev/infiniband/uverbs0
2b70c1bcd000-2b70c1bde000 rw-s 0fd11000 00:06 12273                      /dev/infiniband/uverbs0
2b70c1bde000-2b70c1bef000 rw-s 0fd11000 00:06 12273                      /dev/infiniband/uverbs0
2b70c1bef000-2b70c1c00000 rw-s 0fd11000 00:06 12273                      /dev/infiniband/uverbs0
2b70c1c00000-2b70c1c11000 rw-s 0fd11000 00:06 12273                      /dev/infiniband/uverbs0
2b70c1c11000-2b70c1c22000 rw-s 0fd11000 00:06 12273                      /dev/infiniband/uverbs0
2b70c1c22000-2b70c1c33000 rw-s 0fd11000 00:06 12273                      /dev/infiniband/uverbs0
2b70c1c33000-2b70c1c44000 rw-s 0fd11000 00:06 12273                      /dev/infiniband/uverbs0
2b70c1c44000-2b70c1c55000 rw-s 0fd11000 00:06 12273                      /dev/infiniband/uverbs0
2b70c1c55000-2b70c1c66000 rw-s 0fd11000 00:06 12273                      /dev/infiniband/uverbs0
2b70c1c66000-2b70c1ca7000 rw-s 00000000 00:13 32591774                   /dev/shm/Intel_MPI_jcfxHz (deleted)
2b70c1ca7000-2b70c1ce8000 rw-s 00000000 00:13 32635554                   /dev/shm/Intel_MPI_FpiHCV (deleted)
2b70c1ce8000-2b70c1d29000 rw-s 00000000 00:13 32686141                   /dev/shm/Intel_MPI_2fAtRQ (deleted)
2b70c1d29000-2b70c1d6a000 rw-s 00000000 00:13 32683160                   /dev/shm/Intel_MPI_5dtmqU (deleted)
2b70c1d6a000-2b70c1dab000 rw-s 00000000 00:13 32670524                   /dev/shm/Intel_MPI_R1Qrdl (deleted)
2b70c1dab000-2b70c1dec000 rw-s 00000000 00:13 32674230                   /dev/shm/Intel_MPI_0ONzh9 (deleted)
2b70c1dec000-2b70c1e2d000 rw-s 00000000 00:13 32664055                   /dev/shm/Intel_MPI_1Uc342 (deleted)
2b70c1e2d000-2b70c1e6e000 rw-s 00000000 00:13 32589631                   /dev/shm/Intel_MPI_0yZRn7 (deleted)
2b70c1e6e000-2b70c1eaf000 rw-s 00000000 00:13 32679162                   /dev/shm/Intel_MPI_ExDXQx (deleted)
2b70c1eaf000-2b70c1ef0000 rw-s 00000000 00:13 32680125                   /dev/shm/Intel_MPI_ZafTDl (deleted)
2b70c1ef0000-2b70c1f31000 rw-s 00000000 00:13 32628230                   /dev/shm/Intel_MPI_yV6LUv (deleted)
2b70c1f31000-2b70c1f72000 rw-s 00000000 00:13 32650953                   /dev/shm/Intel_MPI_Aqf33O (deleted)
2b70c1f72000-2b70c1fb3000 rw-s 00000000 00:13 32525938                   /dev/shm/Intel_MPI_jxfbwf (deleted)
2b70c1fb3000-2b70c1ff4000 rw-s 00000000 00:13 32653985                   /dev/shm/Intel_MPI_GALA8i (deleted)
2b70c1ff4000-2b70c2035000 rw-s 00000000 00:13 32611919                   /dev/shm/Intel_MPI_ZTqP1t (deleted)
2b70c2035000-2b70c2076000 rw-s 00000000 00:13 32633413                   /dev/shm/Intel_MPI_eI90bO (deleted)
2b70c2076000-2b70c20b7000 rw-s 00000000 00:13 32473059                   /dev/shm/Intel_MPI_4ktE0j (deleted)
2b70c20b7000-2b70c20f8000 rw-s 00000000 00:13 32677392                   /dev/shm/Intel_MPI_Gf31Cu (deleted)
2b70c20f8000-2b70c2109000 rw-s 0fd11000 00:06 12273                      /dev/infiniband/uverbs0
2b70c2109000-2b70c211a000 rw-s 0fd11000 00:06 12273                      /dev/infiniband/uverbs0
2b70c211a000-2b70c212b000 rw-s 0fd11000 00:06 12273                      /dev/infiniband/uverbs0
2b70c212b000-2b70c213c000 rw-s 0fd11000 00:06 12273                      /dev/infiniband/uverbs0
2b70c213c000-2b70c214d000 rw-s 0fd11000 00:06 12273                      /dev/infiniband/uverbs0
2b70c214d000-2b70c215e000 rw-s 0fd11000 00:06 12273                      /dev/infiniband/uverbs0
2b70c215e000-2b70c216f000 rw-s 0fd11000 00:06 12273                      /dev/infiniband/uverbs0
2b70c216f000-2b70c2180000 rw-s 0fd11000 00:06 12273                      /dev/infiniband/uverbs0
2b70c2180000-2b70c2191000 rw-s 0fd11000 00:06 12273                      /dev/infiniband/uverbs0
2b70c2191000-2b70c21a2000 rw-s 0fd11000 00:06 12273                      /dev/infiniband/uverbs0
2b70c21a2000-2b70c21b3000 rw-s 0fd11000 00:06 12273                      /dev/infiniband/uverbs0
2b70c21b3000-2b70c21c4000 rw-s 0fd11000 00:06 12273                      /dev/infiniband/uverbs0
2b70c21c4000-2b70c21d5000 rw-s 0fd11000 00:06 12273                      /dev/infiniband/uverbs0
2b70c21d5000-2b70c21e6000 rw-s 0fd11000 00:06 12273                      /dev/infiniband/uverbs0
2b70c21e6000-2b70c21f7000 rw-s 0fd11000 00:06 12273                      /dev/infiniband/uverbs0
2b70c21f7000-2b70c2208000 rw-s 0fd11000 00:06 12273                      /dev/infiniband/uverbs0
2b70c2208000-2b70c2219000 rw-s 0fd11000 00:06 12273                      /dev/infiniband/uverbs0
2b70c2219000-2b70c222a000 rw-s 0fd11000 00:06 12273                      /dev/infiniband/uverbs0
2b70c222a000-2b70c223b000 rw-s 0fd11000 00:06 12273                      /dev/infiniband/uverbs0
2b70c223b000-2b70c224c000 rw-s 0fd11000 00:06 12273                      /dev/infiniband/uverbs0
2b70c224c000-2b70c225d000 rw-s 0fd11000 00:06 12273                      /dev/infiniband/uverbs0
2b70c225d000-2b70c226e000 rw-s 0fd11000 00:06 12273                      /dev/infiniband/uverbs0
2b70c226e000-2b70c227f000 rw-s 0fd11000 00:06 12273                      /dev/infiniband/uverbs0
2b70c227f000-2b70c2290000 rw-s 0fd11000 00:06 12273                      /dev/infiniband/uverbs0
2b70c2290000-2b70c22a1000 rw-s 0fd11000 00:06 12273                      /dev/infiniband/uverbs0
2b70c22a1000-2b70c22b2000 rw-s 0fd11000 00:06 12273                      /dev/infiniband/uverbs0
2b70c22b2000-2b70c22c3000 rw-s 0fd11000 00:06 12273                      /dev/infiniband/uverbs0
2b70c22c3000-2b70c22d4000 rw-s 0fd11000 00:06 12273                      /dev/infiniband/uverbs0
2b70c22d4000-2b70c22e5000 rw-s 0fd11000 00:06 12273                      /dev/infiniband/uverbs0
2b70c22e5000-2b70c22f6000 rw-s 0fd11000 00:06 12273                      /dev/infiniband/uverbs0
2b70c22f6000-2b70c2307000 rw-s 0fd11000 00:06 12273                      /dev/infiniband/uverbs0
2b70c2307000-2b70c2318000 rw-s 0fd11000 00:06 12273                      /dev/infiniband/uverbs0
2b70c2318000-2b70c2329000 rw-s 0fd11000 00:06 12273                      /dev/infiniband/uverbs0
2b70c2329000-2b70c233a000 rw-s 0fd11000 00:06 12273                      /dev/infiniband/uverbs0
2b70c233a000-2b70c234b000 rw-s 0fd11000 00:06 12273                      /dev/infiniband/uverbs0
2b70c234b000-2b70c235c000 rw-s 0fd11000 00:06 12273                      /dev/infiniband/uverbs0
2b70c235c000-2b70c236d000 rw-s 0fd11000 00:06 12273                      /dev/infiniband/uverbs0
2b70c236d000-2b70c237e000 rw-s 0fd11000 00:06 12273                      /dev/infiniband/uverbs0
2b70c237e000-2b70c238f000 rw-s 0fd11000 00:06 12273                      /dev/infiniband/uverbs0
2b70c238f000-2b70c23a0000 rw-s 0fd11000 00:06 12273                      /dev/infiniband/uverbs0
2b70c23a0000-2b70c23b1000 rw-s 0fd11000 00:06 12273                      /dev/infiniband/uverbs0
2b70c23b1000-2b70c23c2000 rw-s 0fd11000 00:06 12273                      /dev/infiniband/uverbs0
2b70c23c2000-2b70c23d3000 rw-s 0fd11000 00:06 12273                      /dev/infiniband/uverbs0
2b70c23d3000-2b70c23e4000 rw-s 0fd11000 00:06 12273                      /dev/infiniband/uverbs0
2b70c23e4000-2b70c23f5000 rw-s 0fd11000 00:06 12273                      /dev/infiniband/uverbs0
2b70c23f5000-2b70c2406000 rw-s 0fd11000 00:06 12273                      /dev/infiniband/uverbs0
2b70c2406000-2b70c2417000 rw-s 0fd11000 00:06 12273                      /dev/infiniband/uverbs0
2b70c2417000-2b70c2428000 rw-s 0fd11000 00:06 12273                      /dev/infiniband/uverbs0
2b70c2428000-2b70c2439000 rw-s 0fd11000 00:06 12273                      /dev/infiniband/uverbs0
2b70c2439000-2b70c244a000 rw-s 0fd11000 00:06 12273                      /dev/infiniband/uverbs0
2b70c244a000-2b70c245b000 rw-s 0fd11000 00:06 12273                      /dev/infiniband/uverbs0
2b70c245b000-2b70c246c000 rw-s 0fd11000 00:06 12273                      /dev/infiniband/uverbs0
2b70c246c000-2b70c247d000 rw-s 0fd11000 00:06 12273                      /dev/infiniband/uverbs0
2b70c247d000-2b70c248e000 rw-s 0fd11000 00:06 12273                      /dev/infiniband/uverbs0
2b70c248e000-2b70c249f000 rw-s 0fd11000 00:06 12273                      /dev/infiniband/uverbs0
2b70c249f000-2b70c24b0000 rw-s 0fd11000 00:06 12273                      /dev/infiniband/uverbs0
2b70c24b0000-2b70c24c1000 rw-s 0fd11000 00:06 12273                      /dev/infiniband/uverbs0
2b70c24c1000-2b70c24d2000 rw-s 0fd11000 00:06 12273                      /dev/infiniband/uverbs0
2b70c24d2000-2b70c24e3000 rw-s 0fd11000 00:06 12273                      /dev/infiniband/uverbs0
2b70c24e3000-2b70c24f4000 rw-s 0fd11000 00:06 12273                      /dev/infiniband/uverbs0
2b70c24f4000-2b70c2505000 rw-s 0fd11000 00:06 12273                      /dev/infiniband/uverbs0
2b70c2505000-2b70c2516000 rw-s 0fd11000 00:06 12273                      /dev/infiniband/uverbs0
2b70c2516000-2b70c2527000 rw-s 0fd11000 00:06 12273                      /dev/infiniband/uverbs0
2b70c2527000-2b70c2538000 rw-s 0fd11000 00:06 12273                      /dev/infiniband/uverbs0
2b70c2538000-2b70c2549000 rw-s 0fd11000 00:06 12273                      /dev/infiniband/uverbs0
2b70c2549000-2b70c255a000 rw-s 0fd11000 00:06 12273                      /dev/infiniband/uverbs0
2b70c255a000-2b70c256b000 rw-s 0fd11000 00:06 12273                      /dev/infiniband/uverbs0
2b70c256b000-2b70c257c000 rw-s 0fd11000 00:06 12273                      /dev/infiniband/uverbs0
2b70c257c000-2b70c258d000 rw-s 0fd11000 00:06 12273                      /dev/infiniband/uverbs0
2b70c258d000-2b70c259e000 rw-s 0fd11000 00:06 12273                      /dev/infiniband/uverbs0
2b70c259e000-2b70c25af000 rw-s 0fd11000 00:06 12273                      /dev/infiniband/uverbs0
2b70c25af000-2b70c25c0000 rw-s 0fd11000 00:06 12273                      /dev/infiniband/uverbs0
2b70c25c0000-2b70c25d1000 rw-s 0fd11000 00:06 12273                      /dev/infiniband/uverbs0
2b70c25d1000-2b70c25e2000 rw-s 0fd11000 00:06 12273                      /dev/infiniband/uverbs0
2b70c25e2000-2b70c25f3000 rw-s 0fd11000 00:06 12273                      /dev/infiniband/uverbs0
2b70c25f3000-2b70c2604000 rw-s 0fd11000 00:06 12273                      /dev/infiniband/uverbs0
2b70c2604000-2b70c2615000 rw-s 0fd11000 00:06 12273                      /dev/infiniband/uverbs0
2b70c2615000-2b70c2626000 rw-s 0fd11000 00:06 12273                      /dev/infiniband/uverbs0
2b70c2626000-2b70c2637000 rw-s 0fd11000 00:06 12273                      /dev/infiniband/uverbs0
2b70c2637000-2b70c2648000 rw-s 0fd11000 00:06 12273                      /dev/infiniband/uverbs0
2b70c2648000-2b70c2659000 rw-s 0fd11000 00:06 12273                      /dev/infiniband/uverbs0
2b70c2659000-2b70c266a000 rw-s 0fd11000 00:06 12273                      /dev/infiniband/uverbs0
2b70c266a000-2b70c267b000 rw-s 0fd11000 00:06 12273                      /dev/infiniband/uverbs0
2b70c267b000-2b70c268c000 rw-s 0fd11000 00:06 12273                      /dev/infiniband/uverbs0
2b70c268c000-2b70c269d000 rw-s 0fd11000 00:06 12273                      /dev/infiniband/uverbs0
2b70c269d000-2b70c26ae000 rw-s 0fd11000 00:06 12273                      /dev/infiniband/uverbs0
2b70c26ae000-2b70c26bf000 rw-s 0fd11000 00:06 12273                      /dev/infiniband/uverbs0
2b70c26bf000-2b70c26d0000 rw-s 0fd11000 00:06 12273                      /dev/infiniband/uverbs0
2b70c26d0000-2b70c26e1000 rw-s 0fd11000 00:06 12273                      /dev/infiniband/uverbs0
2b70c26e1000-2b70c26f2000 rw-s 0fd11000 00:06 12273                      /dev/infiniband/uverbs0
2b70c26f2000-2b70c2703000 rw-s 0fd11000 00:06 12273                      /dev/infiniband/uverbs0
2b70c2703000-2b70c2714000 rw-s 0fd11000 00:06 12273                      /dev/infiniband/uverbs0
2b70c2714000-2b70c2725000 rw-s 0fd11000 00:06 12273                      /dev/infiniband/uverbs0
2b70c2725000-2b70c2736000 rw-s 0fd11000 00:06 12273                      /dev/infiniband/uverbs0
2b70c2736000-2b70c2747000 rw-s 0fd11000 00:06 12273                      /dev/infiniband/uverbs0
2b70c2747000-2b70c2758000 rw-s 0fd11000 00:06 12273                      /dev/infiniband/uverbs0
2b70c2758000-2b70c2769000 rw-s 0fd11000 00:06 12273                      /dev/infiniband/uverbs0
2b70c2769000-2b70c277a000 rw-s 0fd11000 00:06 12273                      /dev/infiniband/uverbs0
2b70c277a000-2b70c278b000 rw-s 0fd11000 00:06 12273                      /dev/infiniband/uverbs0
2b70c278b000-2b70c279c000 rw-s 0fd11000 00:06 12273                      /dev/infiniband/uverbs0
2b70c279c000-2b70c27ad000 rw-s 0fd11000 00:06 12273                      /dev/infiniband/uverbs0
2b70c27ad000-2b70c27be000 rw-s 0fd11000 00:06 12273                      /dev/infiniband/uverbs0
2b70c27be000-2b70c27cf000 rw-s 0fd11000 00:06 12273                      /dev/infiniband/uverbs0
2b70c27cf000-2b70c27e0000 rw-s 0fd11000 00:06 12273                      /dev/infiniband/uverbs0
2b70c27e0000-2b70c27f1000 rw-s 0fd11000 00:06 12273                      /dev/infiniband/uverbs0
2b70c27f1000-2b70c2802000 rw-s 0fd11000 00:06 12273                      /dev/infiniband/uverbs0
2b70c2802000-2b70c2813000 rw-s 0fd11000 00:06 12273                      /dev/infiniband/uverbs0
2b70c2813000-2b70c2824000 rw-s 0fd11000 00:06 12273                      /dev/infiniband/uverbs0
2b70c2824000-2b70c2835000 rw-s 0fd11000 00:06 12273                      /dev/infiniband/uverbs0
2b70c2835000-2b70c2846000 rw-s 0fd11000 00:06 12273                      /dev/infiniband/uverbs0
2b70c2846000-2b70c2857000 rw-s 0fd11000 00:06 12273                      /dev/infiniband/uverbs0
2b70c2857000-2b70c2868000 rw-s 0fd11000 00:06 12273                      /dev/infiniband/uverbs0
2b70c2868000-2b70c2879000 rw-s 0fd11000 00:06 12273                      /dev/infiniband/uverbs0
2b70c2879000-2b70c288a000 rw-s 0fd11000 00:06 12273                      /dev/infiniband/uverbs0
2b70c288a000-2b70c289b000 rw-s 0fd11000 00:06 12273                      /dev/infiniband/uverbs0
2b70c289b000-2b70c28ac000 rw-s 0fd11000 00:06 12273                      /dev/infiniband/uverbs0
2b70c28ac000-2b70c28bd000 rw-s 0fd11000 00:06 12273                      /dev/infiniband/uverbs0
2b70c28bd000-2b70c28ce000 rw-s 0fd11000 00:06 12273                      /dev/infiniband/uverbs0
2b70c28ce000-2b70c28df000 rw-s 0fd11000 00:06 12273                      /dev/infiniband/uverbs0
2b70c28df000-2b70c28f0000 rw-s 0fd11000 00:06 12273                      /dev/infiniband/uverbs0
2b70c28f0000-2b70c2901000 rw-s 0fd11000 00:06 12273                      /dev/infiniband/uverbs0
2b70c2901000-2b70c2912000 rw-s 0fd11000 00:06 12273                      /dev/infiniband/uverbs0
2b70c2912000-2b70c2923000 rw-s 0fd11000 00:06 12273                      /dev/infiniband/uverbs0
2b70c2923000-2b70c2934000 rw-s 0fd11000 00:06 12273                      /dev/infiniband/uverbs0
2b70c2934000-2b70c2945000 rw-s 0fd11000 00:06 12273                      /dev/infiniband/uverbs0
2b70c2945000-2b70c2956000 rw-s 0fd11000 00:06 12273                      /dev/infiniband/uverbs0
2b70c2956000-2b70c2967000 rw-s 0fd11000 00:06 12273                      /dev/infiniband/uverbs0
2b70c2967000-2b70c2978000 rw-s 0fd11000 00:06 12273                      /dev/infiniband/uverbs0
2b70c2978000-2b70c2989000 rw-s 0fd11000 00:06 12273                      /dev/infiniband/uverbs0
2b70c2989000-2b70c299a000 rw-s 0fd11000 00:06 12273                      /dev/infiniband/uverbs0
2b70c299a000-2b70c29ab000 rw-s 0fd11000 00:06 12273                      /dev/infiniband/uverbs0
2b70c29ab000-2b70c29bc000 rw-s 0fd11000 00:06 12273                      /dev/infiniband/uverbs0
2b70c30d1000-2b70f1fe2000 rw-p 00000000 00:00 0 
2b70f4000000-2b70f4021000 rw-p 00000000 00:00 0 
2b70f4021000-2b70f8000000 ---p 00000000 00:00 0 
2b70facab000-2b713a667000 rw-p 00000000 00:00 0 
7ffe0b3f4000-7ffe0b9f2000 rw-p 00000000 00:00 0                          [stack]
7ffe0b9f3000-7ffe0b9f6000 r--p 00000000 00:00 0                          [vvar]
7ffe0b9f6000-7ffe0b9f8000 r-xp 00000000 00:00 0                          [vdso]
ffffffffff600000-ffffffffff601000 r-xp 00000000 00:00 0                  [vsyscall]
