/lhome/loadl/execute/allogin1.fkf.mpg.de.81360.0/0submit: /usr/share/modules/init/bash[11]: export: -f: unknown option
forrtl: severe (174): SIGSEGV, segmentation fault occurred
Image              PC                Routine            Line        Source             
mneci              0000000000B6E691  Unknown               Unknown  Unknown
mneci              0000000000B6CDE7  Unknown               Unknown  Unknown
mneci              0000000000B1D164  Unknown               Unknown  Unknown
mneci              0000000000B1CF76  Unknown               Unknown  Unknown
mneci              0000000000AB228F  Unknown               Unknown  Unknown
mneci              0000000000AB64AD  Unknown               Unknown  Unknown
libpthread.so.0    00002B1243DF8B00  Unknown               Unknown  Unknown
mneci              00000000009444DA  Unknown               Unknown  Unknown
mneci              000000000094083F  Unknown               Unknown  Unknown
mneci              0000000000A1ADAB  Unknown               Unknown  Unknown
mneci              0000000000A19E17  Unknown               Unknown  Unknown
mneci              00000000004B9DA9  Unknown               Unknown  Unknown
mneci              000000000040CAAE  Unknown               Unknown  Unknown
mneci              0000000000405449  Unknown               Unknown  Unknown
mneci              0000000000404F7E  Unknown               Unknown  Unknown
libc.so.6          00002B1245B196E5  Unknown               Unknown  Unknown
mneci              0000000000404E89  Unknown               Unknown  Unknown
