/lhome/loadl/execute/allogin1.fkf.mpg.de.86794.0/0submit: /usr/share/modules/init/bash[11]: export: -f: unknown option
cp: cannot stat '../FCIMCStats': No such file or directory
cp: cannot stat '../INITIATORStats': No such file or directory
*** Error in `/home/dattani/NECI_2019_01_16/build/bin/mneci': free(): invalid next size (fast): 0x00000000025502c0 ***
======= Backtrace: =========
/lib64/libc.so.6(+0x721af)[0x2b6dfeb581af]
/lib64/libc.so.6(+0x779d6)[0x2b6dfeb5d9d6]
/lib64/libc.so.6(+0x78723)[0x2b6dfeb5e723]
/home/dattani/NECI_2019_01_16/build/bin/mneci[0xdb05b8]
/home/dattani/NECI_2019_01_16/build/bin/mneci[0x5d318a]
/home/dattani/NECI_2019_01_16/build/bin/mneci[0x4f7676]
/home/dattani/NECI_2019_01_16/build/bin/mneci[0x4be31f]
/home/dattani/NECI_2019_01_16/build/bin/mneci[0x40fa4e]
/home/dattani/NECI_2019_01_16/build/bin/mneci[0x408331]
/home/dattani/NECI_2019_01_16/build/bin/mneci[0x407dfe]
/lib64/libc.so.6(__libc_start_main+0xf5)[0x2b6dfeb066e5]
/home/dattani/NECI_2019_01_16/build/bin/mneci[0x407d09]
======= Memory map: ========
00400000-0100e000 r-xp 00000000 00:2d 98851767610                        /home/dattani/NECI_2019_01_16/build/bin/mneci
0120e000-0120f000 r--p 00c0e000 00:2d 98851767610                        /home/dattani/NECI_2019_01_16/build/bin/mneci
0120f000-01243000 rw-p 00c0f000 00:2d 98851767610                        /home/dattani/NECI_2019_01_16/build/bin/mneci
01243000-01498000 rw-p 00000000 00:00 0 
02107000-0f5bb000 rw-p 00000000 00:00 0                                  [heap]
2b6dfc434000-2b6dfc455000 r-xp 00000000 08:01 15491                      /lib64/ld-2.22.so
2b6dfc455000-2b6dfc457000 rw-p 00000000 00:00 0 
2b6dfc457000-2b6dfc458000 r--s 0fb00000 00:06 12273                      /dev/infiniband/uverbs0
2b6dfc458000-2b6dfc459000 r--p 173364000 00:06 12273                     /dev/infiniband/uverbs0
2b6dfc459000-2b6dfc45a000 -w-s 00200000 00:06 12273                      /dev/infiniband/uverbs0
2b6dfc45a000-2b6dfc45b000 -w-s 00201000 00:06 12273                      /dev/infiniband/uverbs0
2b6dfc45b000-2b6dfc45c000 -w-s 00202000 00:06 12273                      /dev/infiniband/uverbs0
2b6dfc45c000-2b6dfc45d000 -w-s 00203000 00:06 12273                      /dev/infiniband/uverbs0
2b6dfc45d000-2b6dfc45e000 -w-s 00204000 00:06 12273                      /dev/infiniband/uverbs0
2b6dfc45e000-2b6dfc45f000 -w-s 00205000 00:06 12273                      /dev/infiniband/uverbs0
2b6dfc45f000-2b6dfc460000 -w-s 00206000 00:06 12273                      /dev/infiniband/uverbs0
2b6dfc460000-2b6dfc461000 -w-s 00207000 00:06 12273                      /dev/infiniband/uverbs0
2b6dfc461000-2b6dfc462000 r--s 0fb00000 00:06 12273                      /dev/infiniband/uverbs0
2b6dfc462000-2b6dfc463000 r--p 173364000 00:06 12273                     /dev/infiniband/uverbs0
2b6dfc463000-2b6dfc464000 -w-s 00200000 00:06 12273                      /dev/infiniband/uverbs0
2b6dfc464000-2b6dfc465000 -w-s 00201000 00:06 12273                      /dev/infiniband/uverbs0
2b6dfc465000-2b6dfc466000 -w-s 00202000 00:06 12273                      /dev/infiniband/uverbs0
2b6dfc466000-2b6dfc467000 -w-s 00203000 00:06 12273                      /dev/infiniband/uverbs0
2b6dfc467000-2b6dfc470000 rw-p 00000000 00:00 0 
2b6dfc470000-2b6dfc471000 -w-s 00204000 00:06 12273                      /dev/infiniband/uverbs0
2b6dfc471000-2b6dfc472000 -w-s 00205000 00:06 12273                      /dev/infiniband/uverbs0
2b6dfc472000-2b6dfc473000 -w-s 00206000 00:06 12273                      /dev/infiniband/uverbs0
2b6dfc473000-2b6dfc474000 -w-s 00207000 00:06 12273                      /dev/infiniband/uverbs0
2b6dfc474000-2b6dfc494000 rw-s 0fc11000 00:06 12273                      /dev/infiniband/uverbs0
2b6dfc494000-2b6dfc4b4000 rw-s 0fc11000 00:06 12273                      /dev/infiniband/uverbs0
2b6dfc4b4000-2b6dfc53c000 rw-s 0fd14000 00:06 12273                      /dev/infiniband/uverbs0
2b6dfc53c000-2b6dfc61b000 rw-p 00000000 00:00 0 
2b6dfc61b000-2b6dfc63b000 rw-s 0fc11000 00:06 12273                      /dev/infiniband/uverbs0
2b6dfc63b000-2b6dfc64c000 rw-s 0fd11000 00:06 12273                      /dev/infiniband/uverbs0
2b6dfc64c000-2b6dfc64d000 rw-s 00000000 00:13 20538408                   /dev/shm/Intel_MPI_XguE3N (deleted)
2b6dfc64d000-2b6dfc64e000 rw-p 00000000 00:00 0 
2b6dfc654000-2b6dfc655000 r--p 00020000 08:01 15491                      /lib64/ld-2.22.so
2b6dfc655000-2b6dfc656000 rw-p 00021000 08:01 15491                      /lib64/ld-2.22.so
2b6dfc656000-2b6dfc657000 rw-p 00000000 00:00 0 
2b6dfc657000-2b6dfc9a9000 r-xp 00000000 00:2b 12763664                   /usr/local/server/IntelStudio_2015/composer_xe_2015.1.133/mkl/lib/intel64/libmkl_rt.so
2b6dfc9a9000-2b6dfcba9000 ---p 00352000 00:2b 12763664                   /usr/local/server/IntelStudio_2015/composer_xe_2015.1.133/mkl/lib/intel64/libmkl_rt.so
2b6dfcba9000-2b6dfcbaf000 r--p 00352000 00:2b 12763664                   /usr/local/server/IntelStudio_2015/composer_xe_2015.1.133/mkl/lib/intel64/libmkl_rt.so
2b6dfcbaf000-2b6dfcbb0000 rw-p 00358000 00:2b 12763664                   /usr/local/server/IntelStudio_2015/composer_xe_2015.1.133/mkl/lib/intel64/libmkl_rt.so
2b6dfcbb0000-2b6dfcbbf000 rw-p 00000000 00:00 0 
2b6dfcbbf000-2b6dfcbd7000 r-xp 00000000 08:01 15529                      /lib64/libpthread-2.22.so
2b6dfcbd7000-2b6dfcdd6000 ---p 00018000 08:01 15529                      /lib64/libpthread-2.22.so
2b6dfcdd6000-2b6dfcdd7000 r--p 00017000 08:01 15529                      /lib64/libpthread-2.22.so
2b6dfcdd7000-2b6dfcdd8000 rw-p 00018000 08:01 15529                      /lib64/libpthread-2.22.so
2b6dfcdd8000-2b6dfcddc000 rw-p 00000000 00:00 0 
2b6dfcddc000-2b6dfcde3000 r-xp 00000000 08:01 15533                      /lib64/librt-2.22.so
2b6dfcde3000-2b6dfcfe2000 ---p 00007000 08:01 15533                      /lib64/librt-2.22.so
2b6dfcfe2000-2b6dfcfe3000 r--p 00006000 08:01 15533                      /lib64/librt-2.22.so
2b6dfcfe3000-2b6dfcfe4000 rw-p 00007000 08:01 15533                      /lib64/librt-2.22.so
2b6dfcfe4000-2b6dfd069000 r-xp 00000000 00:2b 12927971                   /usr/local/server/IntelStudio_2015/impi/5.0.2.044/intel64/lib/libmpifort.so.12.0
2b6dfd069000-2b6dfd268000 ---p 00085000 00:2b 12927971                   /usr/local/server/IntelStudio_2015/impi/5.0.2.044/intel64/lib/libmpifort.so.12.0
2b6dfd268000-2b6dfd26c000 rw-p 00084000 00:2b 12927971                   /usr/local/server/IntelStudio_2015/impi/5.0.2.044/intel64/lib/libmpifort.so.12.0
2b6dfd26c000-2b6dfd26d000 rw-p 00000000 00:00 0 
2b6dfd26d000-2b6dfd75b000 r-xp 00000000 00:2b 8675382                    /usr/local/server/IntelStudio_2015/impi/5.0.2.044/intel64/lib/release_mt/libmpi.so.12.0
2b6dfd75b000-2b6dfd95b000 ---p 004ee000 00:2b 8675382                    /usr/local/server/IntelStudio_2015/impi/5.0.2.044/intel64/lib/release_mt/libmpi.so.12.0
2b6dfd95b000-2b6dfd98e000 rw-p 004ee000 00:2b 8675382                    /usr/local/server/IntelStudio_2015/impi/5.0.2.044/intel64/lib/release_mt/libmpi.so.12.0
2b6dfd98e000-2b6dfd9e0000 rw-p 00000000 00:00 0 
2b6dfd9e0000-2b6dfd9e2000 r-xp 00000000 08:01 15505                      /lib64/libdl-2.22.so
2b6dfd9e2000-2b6dfdbe2000 ---p 00002000 08:01 15505                      /lib64/libdl-2.22.so
2b6dfdbe2000-2b6dfdbe3000 r--p 00002000 08:01 15505                      /lib64/libdl-2.22.so
2b6dfdbe3000-2b6dfdbe4000 rw-p 00003000 08:01 15505                      /lib64/libdl-2.22.so
2b6dfdbe4000-2b6dfdbf9000 r-xp 00000000 08:01 15595                      /lib64/libz.so.1.2.8
2b6dfdbf9000-2b6dfddf8000 ---p 00015000 08:01 15595                      /lib64/libz.so.1.2.8
2b6dfddf8000-2b6dfddf9000 r--p 00014000 08:01 15595                      /lib64/libz.so.1.2.8
2b6dfddf9000-2b6dfddfa000 rw-p 00015000 08:01 15595                      /lib64/libz.so.1.2.8
2b6dfddfa000-2b6dfde17000 r-xp 00000000 00:2b 12927969                   /usr/local/server/IntelStudio_2015/impi/5.0.2.044/intel64/lib/libmpicxx.so.12.0
2b6dfde17000-2b6dfe017000 ---p 0001d000 00:2b 12927969                   /usr/local/server/IntelStudio_2015/impi/5.0.2.044/intel64/lib/libmpicxx.so.12.0
2b6dfe017000-2b6dfe01a000 rw-p 0001d000 00:2b 12927969                   /usr/local/server/IntelStudio_2015/impi/5.0.2.044/intel64/lib/libmpicxx.so.12.0
2b6dfe01a000-2b6dfe01f000 r-xp 00000000 00:2b 12485917                   /usr/local/server/IntelStudio_2015/composer_xe_2015.1.133/compiler/lib/intel64/libirng.so
2b6dfe01f000-2b6dfe21f000 ---p 00005000 00:2b 12485917                   /usr/local/server/IntelStudio_2015/composer_xe_2015.1.133/compiler/lib/intel64/libirng.so
2b6dfe21f000-2b6dfe221000 rw-p 00005000 00:2b 12485917                   /usr/local/server/IntelStudio_2015/composer_xe_2015.1.133/compiler/lib/intel64/libirng.so
2b6dfe221000-2b6dfe25b000 r-xp 00000000 00:2b 12485873                   /usr/local/server/IntelStudio_2015/composer_xe_2015.1.133/compiler/lib/intel64/libcilkrts.so.5
2b6dfe25b000-2b6dfe45a000 ---p 0003a000 00:2b 12485873                   /usr/local/server/IntelStudio_2015/composer_xe_2015.1.133/compiler/lib/intel64/libcilkrts.so.5
2b6dfe45a000-2b6dfe45b000 r--p 00039000 00:2b 12485873                   /usr/local/server/IntelStudio_2015/composer_xe_2015.1.133/compiler/lib/intel64/libcilkrts.so.5
2b6dfe45b000-2b6dfe45d000 rw-p 0003a000 00:2b 12485873                   /usr/local/server/IntelStudio_2015/composer_xe_2015.1.133/compiler/lib/intel64/libcilkrts.so.5
2b6dfe45d000-2b6dfe460000 rw-p 00000000 00:00 0 
2b6dfe460000-2b6dfe5d9000 r-xp 00000000 fe:00 198796                     /usr/lib64/libstdc++.so.6.0.22
2b6dfe5d9000-2b6dfe7d9000 ---p 00179000 fe:00 198796                     /usr/lib64/libstdc++.so.6.0.22
2b6dfe7d9000-2b6dfe7e3000 r--p 00179000 fe:00 198796                     /usr/lib64/libstdc++.so.6.0.22
2b6dfe7e3000-2b6dfe7e5000 rw-p 00183000 fe:00 198796                     /usr/lib64/libstdc++.so.6.0.22
2b6dfe7e5000-2b6dfe7e9000 rw-p 00000000 00:00 0 
2b6dfe7e9000-2b6dfe8e5000 r-xp 00000000 08:01 15507                      /lib64/libm-2.22.so
2b6dfe8e5000-2b6dfeae4000 ---p 000fc000 08:01 15507                      /lib64/libm-2.22.so
2b6dfeae4000-2b6dfeae5000 r--p 000fb000 08:01 15507                      /lib64/libm-2.22.so
2b6dfeae5000-2b6dfeae6000 rw-p 000fc000 08:01 15507                      /lib64/libm-2.22.so
2b6dfeae6000-2b6dfec80000 r-xp 00000000 08:01 15499                      /lib64/libc-2.22.so
2b6dfec80000-2b6dfee7f000 ---p 0019a000 08:01 15499                      /lib64/libc-2.22.so
2b6dfee7f000-2b6dfee83000 r--p 00199000 08:01 15499                      /lib64/libc-2.22.so
2b6dfee83000-2b6dfee85000 rw-p 0019d000 08:01 15499                      /lib64/libc-2.22.so
2b6dfee85000-2b6dfee89000 rw-p 00000000 00:00 0 
2b6dfee89000-2b6dfee9f000 r-xp 00000000 08:01 15551                      /lib64/libgcc_s.so.1
2b6dfee9f000-2b6dff09e000 ---p 00016000 08:01 15551                      /lib64/libgcc_s.so.1
2b6dff09e000-2b6dff09f000 r--p 00015000 08:01 15551                      /lib64/libgcc_s.so.1
2b6dff09f000-2b6dff0a0000 rw-p 00016000 08:01 15551                      /lib64/libgcc_s.so.1
2b6dff0a0000-2b6dff0f9000 r-xp 00000000 00:2b 12485906                   /usr/local/server/IntelStudio_2015/composer_xe_2015.1.133/compiler/lib/intel64/libintlc.so.5
2b6dff0f9000-2b6dff2f8000 ---p 00059000 00:2b 12485906                   /usr/local/server/IntelStudio_2015/composer_xe_2015.1.133/compiler/lib/intel64/libintlc.so.5
2b6dff2f8000-2b6dff2fa000 rw-p 00058000 00:2b 12485906                   /usr/local/server/IntelStudio_2015/composer_xe_2015.1.133/compiler/lib/intel64/libintlc.so.5
2b6dff2fa000-2b6dff2fb000 rw-p 00000000 00:00 0 
2b6dff2fb000-2b6e19497000 rw-s 00000000 00:13 20339533                   /dev/shm/Intel_MPI_wfcj3o (deleted)
2b6e19497000-2b6e194a2000 r-xp 00000000 fe:00 199882                     /usr/lib64/libdat2.so.2.0.0
2b6e194a2000-2b6e196a1000 ---p 0000b000 fe:00 199882                     /usr/lib64/libdat2.so.2.0.0
2b6e196a1000-2b6e196a2000 r--p 0000a000 fe:00 199882                     /usr/lib64/libdat2.so.2.0.0
2b6e196a2000-2b6e196a3000 rw-p 0000b000 fe:00 199882                     /usr/lib64/libdat2.so.2.0.0
2b6e196a3000-2b6e19749000 rw-p 00000000 00:00 0 
2b6e19749000-2b6e1975a000 rw-s 0fd11000 00:06 12273                      /dev/infiniband/uverbs0
2b6e1975a000-2b6e1976b000 rw-s 0fd11000 00:06 12273                      /dev/infiniband/uverbs0
2b6e1976b000-2b6e1977c000 rw-s 0fd11000 00:06 12273                      /dev/infiniband/uverbs0
2b6e1977c000-2b6e1978d000 rw-s 0fd11000 00:06 12273                      /dev/infiniband/uverbs0
2b6e1978d000-2b6e1979e000 rw-s 0fd11000 00:06 12273                      /dev/infiniband/uverbs0
2b6e1979e000-2b6e197af000 rw-s 0fd11000 00:06 12273                      /dev/infiniband/uverbs0
2b6e197af000-2b6e197c0000 rw-s 0fd11000 00:06 12273                      /dev/infiniband/uverbs0
2b6e197c0000-2b6e197d1000 rw-s 0fd11000 00:06 12273                      /dev/infiniband/uverbs0
2b6e197d1000-2b6e197e2000 rw-s 0fd11000 00:06 12273                      /dev/infiniband/uverbs0
2b6e197e2000-2b6e197f3000 rw-s 0fd11000 00:06 12273                      /dev/infiniband/uverbs0
2b6e197f3000-2b6e19804000 rw-s 0fd11000 00:06 12273                      /dev/infiniband/uverbs0
2b6e19804000-2b6e19815000 rw-s 0fd11000 00:06 12273                      /dev/infiniband/uverbs0
2b6e19815000-2b6e19826000 rw-s 0fd11000 00:06 12273                      /dev/infiniband/uverbs0
2b6e19826000-2b6e19837000 rw-s 0fd11000 00:06 12273                      /dev/infiniband/uverbs0
2b6e19837000-2b6e19848000 rw-s 0fd11000 00:06 12273                      /dev/infiniband/uverbs0
2b6e19852000-2b6e19893000 rw-s 00000000 00:13 20013483                   /dev/shm/Intel_MPI_CoCEyN (deleted)
2b6e19893000-2b6e198a4000 rw-s 0fd11000 00:06 12273                      /dev/infiniband/uverbs0
2b6e198a4000-2b6e198b5000 rw-s 0fd11000 00:06 12273                      /dev/infiniband/uverbs0
2b6e198b5000-2b6e198c6000 rw-s 0fd11000 00:06 12273                      /dev/infiniband/uverbs0
2b6e198c8000-2b6e198df000 r-xp 00000000 fe:00 198945                     /usr/lib64/libibverbs.so.1.0.0
2b6e198df000-2b6e19adf000 ---p 00017000 fe:00 198945                     /usr/lib64/libibverbs.so.1.0.0
2b6e19adf000-2b6e19ae0000 r--p 00017000 fe:00 198945                     /usr/lib64/libibverbs.so.1.0.0
2b6e19ae0000-2b6e19ae1000 rw-p 00018000 fe:00 198945                     /usr/lib64/libibverbs.so.1.0.0
2b6e19ae1000-2b6e19b2e000 r-xp 00000000 fe:00 198649                     /usr/lib64/libnl-route-3.so.200.18.0
2b6e19b2e000-2b6e19d2d000 ---p 0004d000 fe:00 198649                     /usr/lib64/libnl-route-3.so.200.18.0
2b6e19d2d000-2b6e19d30000 r--p 0004c000 fe:00 198649                     /usr/lib64/libnl-route-3.so.200.18.0
2b6e19d30000-2b6e19d34000 rw-p 0004f000 fe:00 198649                     /usr/lib64/libnl-route-3.so.200.18.0
2b6e19d34000-2b6e19d36000 rw-p 00000000 00:00 0 
2b6e19d36000-2b6e19d52000 r-xp 00000000 fe:00 198639                     /usr/lib64/libnl-3.so.200.18.0
2b6e19d52000-2b6e19f51000 ---p 0001c000 fe:00 198639                     /usr/lib64/libnl-3.so.200.18.0
2b6e19f51000-2b6e19f53000 r--p 0001b000 fe:00 198639                     /usr/lib64/libnl-3.so.200.18.0
2b6e19f53000-2b6e19f54000 rw-p 0001d000 fe:00 198639                     /usr/lib64/libnl-3.so.200.18.0
2b6e19f54000-2b6e19f77000 r-xp 00000000 fe:00 199384                     /usr/lib64/libmlx4-rdmav2.so
2b6e19f77000-2b6e1a176000 ---p 00023000 fe:00 199384                     /usr/lib64/libmlx4-rdmav2.so
2b6e1a176000-2b6e1a177000 r--p 00022000 fe:00 199384                     /usr/lib64/libmlx4-rdmav2.so
2b6e1a177000-2b6e1a179000 rw-p 00023000 fe:00 199384                     /usr/lib64/libmlx4-rdmav2.so
2b6e1a179000-2b6e1a1bb000 r-xp 00000000 fe:00 199386                     /usr/lib64/libmlx5-rdmav2.so
2b6e1a1bb000-2b6e1a3ba000 ---p 00042000 fe:00 199386                     /usr/lib64/libmlx5-rdmav2.so
2b6e1a3ba000-2b6e1a3bb000 r--p 00041000 fe:00 199386                     /usr/lib64/libmlx5-rdmav2.so
2b6e1a3bb000-2b6e1a3bc000 rw-p 00042000 fe:00 199386                     /usr/lib64/libmlx5-rdmav2.so
2b6e1a3bc000-2b6e1a3e4000 r-xp 00000000 fe:00 199880                     /usr/lib64/libdaploucm.so.2.0.0
2b6e1a3e4000-2b6e1a5e3000 ---p 00028000 fe:00 199880                     /usr/lib64/libdaploucm.so.2.0.0
2b6e1a5e3000-2b6e1a5e4000 r--p 00027000 fe:00 199880                     /usr/lib64/libdaploucm.so.2.0.0
2b6e1a5e4000-2b6e1a5e5000 rw-p 00028000 fe:00 199880                     /usr/lib64/libdaploucm.so.2.0.0
2b6e1a5e5000-2b6e1a5e6000 ---p 00000000 00:00 0 
2b6e1a5e6000-2b6e1abb7000 rw-p 00000000 00:00 0 
2b6e1abb7000-2b6e1acb3000 r-xp 00000000 00:2b 12485909                   /usr/local/server/IntelStudio_2015/composer_xe_2015.1.133/compiler/lib/intel64/libiomp5.so
2b6e1acb3000-2b6e1aeb3000 ---p 000fc000 00:2b 12485909                   /usr/local/server/IntelStudio_2015/composer_xe_2015.1.133/compiler/lib/intel64/libiomp5.so
2b6e1aeb3000-2b6e1aebe000 rw-p 000fc000 00:2b 12485909                   /usr/local/server/IntelStudio_2015/composer_xe_2015.1.133/compiler/lib/intel64/libiomp5.so
2b6e1aebe000-2b6e1aeec000 rw-p 00000000 00:00 0 
2b6e1aeec000-2b6e1b5e9000 r-xp 00000000 00:2b 12763657                   /usr/local/server/IntelStudio_2015/composer_xe_2015.1.133/mkl/lib/intel64/libmkl_intel_lp64.so
2b6e1b5e9000-2b6e1b7e9000 ---p 006fd000 00:2b 12763657                   /usr/local/server/IntelStudio_2015/composer_xe_2015.1.133/mkl/lib/intel64/libmkl_intel_lp64.so
2b6e1b7e9000-2b6e1b7ea000 r--p 006fd000 00:2b 12763657                   /usr/local/server/IntelStudio_2015/composer_xe_2015.1.133/mkl/lib/intel64/libmkl_intel_lp64.so
2b6e1b7ea000-2b6e1b7fa000 rw-p 006fe000 00:2b 12763657                   /usr/local/server/IntelStudio_2015/composer_xe_2015.1.133/mkl/lib/intel64/libmkl_intel_lp64.so
2b6e1b7fa000-2b6e1bfd0000 rw-p 00000000 00:00 0 
2b6e1bfd0000-2b6e1bfe1000 rw-s 0fd11000 00:06 12273                      /dev/infiniband/uverbs0
2b6e1bfe1000-2b6e1bff2000 rw-s 0fd11000 00:06 12273                      /dev/infiniband/uverbs0
2b6e1c000000-2b6e1c021000 rw-p 00000000 00:00 0 
2b6e1c021000-2b6e20000000 ---p 00000000 00:00 0 
2b6e20000000-2b6e253ee000 rw-p 00000000 00:00 0 
2b6e253ee000-2b6e26ccd000 r-xp 00000000 00:2b 12763646                   /usr/local/server/IntelStudio_2015/composer_xe_2015.1.133/mkl/lib/intel64/libmkl_core.so
2b6e26ccd000-2b6e26ecd000 ---p 018df000 00:2b 12763646                   /usr/local/server/IntelStudio_2015/composer_xe_2015.1.133/mkl/lib/intel64/libmkl_core.so
2b6e26ecd000-2b6e26ee5000 r--p 018df000 00:2b 12763646                   /usr/local/server/IntelStudio_2015/composer_xe_2015.1.133/mkl/lib/intel64/libmkl_core.so
2b6e26ee5000-2b6e26ef3000 rw-p 018f7000 00:2b 12763646                   /usr/local/server/IntelStudio_2015/composer_xe_2015.1.133/mkl/lib/intel64/libmkl_core.so
2b6e26ef3000-2b6e26f47000 rw-p 00000000 00:00 0 
2b6e26f47000-2b6e27f43000 r-xp 00000000 00:2b 12763659                   /usr/local/server/IntelStudio_2015/composer_xe_2015.1.133/mkl/lib/intel64/libmkl_intel_thread.so
2b6e27f43000-2b6e28142000 ---p 00ffc000 00:2b 12763659                   /usr/local/server/IntelStudio_2015/composer_xe_2015.1.133/mkl/lib/intel64/libmkl_intel_thread.so
2b6e28142000-2b6e28143000 r--p 00ffb000 00:2b 12763659                   /usr/local/server/IntelStudio_2015/composer_xe_2015.1.133/mkl/lib/intel64/libmkl_intel_thread.so
2b6e28143000-2b6e282de000 rw-p 00ffc000 00:2b 12763659                   /usr/local/server/IntelStudio_2015/composer_xe_2015.1.133/mkl/lib/intel64/libmkl_intel_thread.so
2b6e282de000-2b6e282e2000 rw-p 00000000 00:00 0 
2b6e282e2000-2b6e29cab000 r-xp 00000000 00:2b 12763628                   /usr/local/server/IntelStudio_2015/composer_xe_2015.1.133/mkl/lib/intel64/libmkl_avx2.so
2b6e29cab000-2b6e29eaa000 ---p 019c9000 00:2b 12763628                   /usr/local/server/IntelStudio_2015/composer_xe_2015.1.133/mkl/lib/intel64/libmkl_avx2.so
2b6e29eaa000-2b6e29eaf000 r--p 019c8000 00:2b 12763628                   /usr/local/server/IntelStudio_2015/composer_xe_2015.1.133/mkl/lib/intel64/libmkl_avx2.so
2b6e29eaf000-2b6e29eb5000 rw-p 019cd000 00:2b 12763628                   /usr/local/server/IntelStudio_2015/composer_xe_2015.1.133/mkl/lib/intel64/libmkl_avx2.so
2b6e29eb5000-2b6e29eb6000 rw-p 00000000 00:00 0 
2b6e29eb6000-2b6e2a721000 rw-s 00000000 00:13 20538407                   /dev/shm/Intel_MPI_J0ityB (deleted)
2b6e2a721000-2b6ed1db5000 rw-p 00000000 00:00 0 
2b6ed4000000-2b6ed4021000 rw-p 00000000 00:00 0 
2b6ed4021000-2b6ed8000000 ---p 00000000 00:00 0 
2b6ee6c87000-2b6ee9662000 rw-p 00000000 00:00 0 
2b6eebc88000-2b6eebcc9000 rw-s 00000000 00:13 20013554                   /dev/shm/Intel_MPI_GLRvP3 (deleted)
2b6eebcc9000-2b6eebd0a000 rw-s 00000000 00:13 20013555                   /dev/shm/Intel_MPI_t7nn6j (deleted)
2b6eebd0a000-2b6eebd4b000 rw-s 00000000 00:13 20013556                   /dev/shm/Intel_MPI_uC2enA (deleted)
2b6eebd4b000-2b6eebd8c000 rw-s 00000000 00:13 20013557                   /dev/shm/Intel_MPI_Y9ZbEQ (deleted)
2b6eebd8c000-2b6eebdcd000 rw-s 00000000 00:13 20013558                   /dev/shm/Intel_MPI_5bF9U6 (deleted)
2b6eebdcd000-2b6eebe0e000 rw-s 00000000 00:13 20013559                   /dev/shm/Intel_MPI_YcK8bn (deleted)
2b6eebe0e000-2b6eebe4f000 rw-s 00000000 00:13 20013560                   /dev/shm/Intel_MPI_a617sD (deleted)
2b6eebe4f000-2b6eebe90000 rw-s 00000000 00:13 20013561                   /dev/shm/Intel_MPI_MZt7JT (deleted)
2b6eebe90000-2b6eebed1000 rw-s 00000000 00:13 20013562                   /dev/shm/Intel_MPI_Ce3609 (deleted)
2b6eebed1000-2b6eebf12000 rw-s 00000000 00:13 20013563                   /dev/shm/Intel_MPI_2kr8hq (deleted)
2b6eebf12000-2b6eebf53000 rw-s 00000000 00:13 20013564                   /dev/shm/Intel_MPI_18nazG (deleted)
2b6eebf53000-2b6eebf94000 rw-s 00000000 00:13 20013565                   /dev/shm/Intel_MPI_DwtcQW (deleted)
2b6eebf94000-2b6eebfd5000 rw-s 00000000 00:13 20013566                   /dev/shm/Intel_MPI_ifHe7c (deleted)
2b6eebfd5000-2b6eec016000 rw-s 00000000 00:13 20013567                   /dev/shm/Intel_MPI_j03got (deleted)
2b6eec016000-2b6eec057000 rw-s 00000000 00:13 20013568                   /dev/shm/Intel_MPI_jDzjFJ (deleted)
2b6eec057000-2b6eec098000 rw-s 00000000 00:13 20001534                   /dev/shm/Intel_MPI_eocZm7 (deleted)
2b6eec098000-2b6eec0d9000 rw-s 00000000 00:13 20016569                   /dev/shm/Intel_MPI_rt5WtV (deleted)
2b6eec0d9000-2b6eec11a000 rw-s 00000000 00:13 20447602                   /dev/shm/Intel_MPI_240tko (deleted)
2b6eec11a000-2b6eec15b000 rw-s 00000000 00:13 20542556                   /dev/shm/Intel_MPI_zQ43lc (deleted)
2b6eec15b000-2b6eec19c000 rw-s 00000000 00:13 20534563                   /dev/shm/Intel_MPI_jkqkh8 (deleted)
2b6eec19c000-2b6eec1dd000 rw-s 00000000 00:13 20543579                   /dev/shm/Intel_MPI_LCojPF (deleted)
2b6eec1dd000-2b6eec21e000 rw-s 00000000 00:13 20016032                   /dev/shm/Intel_MPI_ysnapW (deleted)
2b6eec21e000-2b6eec25f000 rw-s 00000000 00:13 20537562                   /dev/shm/Intel_MPI_2AwNVt (deleted)
2b6eec25f000-2b6eec270000 rw-s 0fd11000 00:06 12273                      /dev/infiniband/uverbs0
2b6eec270000-2b6eec281000 rw-s 0fd11000 00:06 12273                      /dev/infiniband/uverbs0
2b6eec281000-2b6eec292000 rw-s 0fd11000 00:06 12273                      /dev/infiniband/uverbs0
2b6eec292000-2b6eec2a3000 rw-s 0fd11000 00:06 12273                      /dev/infiniband/uverbs0
2b6eec2a3000-2b6eec2b4000 rw-s 0fd11000 00:06 12273                      /dev/infiniband/uverbs0
2b6eec2b4000-2b6eec2c5000 rw-s 0fd11000 00:06 12273                      /dev/infiniband/uverbs0
2b6eec2c5000-2b6eec2d6000 rw-s 0fd11000 00:06 12273                      /dev/infiniband/uverbs0
2b6eec2d6000-2b6eec2e7000 rw-s 0fd11000 00:06 12273                      /dev/infiniband/uverbs0
2b6eec2e7000-2b6eec328000 rw-s 00000000 00:13 20538699                   /dev/shm/Intel_MPI_7qCJIQ (deleted)
2b6eec328000-2b6eec369000 rw-s 00000000 00:13 20540674                   /dev/shm/Intel_MPI_JrODt8 (deleted)
2b6eec369000-2b6eec3aa000 rw-s 00000000 00:13 20532664                   /dev/shm/Intel_MPI_IBH2qA (deleted)
2b6eec3aa000-2b6eec3eb000 rw-s 00000000 00:13 20535669                   /dev/shm/Intel_MPI_VGmy7Q (deleted)
2b6eec3eb000-2b6eec42c000 rw-s 00000000 00:13 20548610                   /dev/shm/Intel_MPI_IjZ5Xz (deleted)
2b6eec42c000-2b6eec46d000 rw-s 00000000 00:13 20371264                   /dev/shm/Intel_MPI_kJ2ddD (deleted)
2b6eec46d000-2b6eec4ae000 rw-s 00000000 00:13 20547636                   /dev/shm/Intel_MPI_e8yTAl (deleted)
2b6eec4ae000-2b6eec4ef000 rw-s 00000000 00:13 20539650                   /dev/shm/Intel_MPI_ZvXl2w (deleted)
2b6eec4ef000-2b6eec530000 rw-s 00000000 00:13 20541632                   /dev/shm/Intel_MPI_7Ci4N3 (deleted)
2b6eec530000-2b6eec571000 rw-s 00000000 00:13 20164355                   /dev/shm/Intel_MPI_ZSeDzf (deleted)
2b6eec571000-2b6eec5b2000 rw-s 00000000 00:13 20352554                   /dev/shm/Intel_MPI_wUKvT2 (deleted)
2b6eec5b2000-2b6eec5f3000 rw-s 00000000 00:13 20409934                   /dev/shm/Intel_MPI_ftWyBe (deleted)
2b6eec5f3000-2b6eec634000 rw-s 00000000 00:13 20017995                   /dev/shm/Intel_MPI_QjgtlL (deleted)
2b6eec634000-2b6eec675000 rw-s 00000000 00:13 20258547                   /dev/shm/Intel_MPI_Jygi8W (deleted)
2b6eec675000-2b6eec686000 rw-s 0fd11000 00:06 12273                      /dev/infiniband/uverbs0
2b6eec686000-2b6eec697000 rw-s 0fd11000 00:06 12273                      /dev/infiniband/uverbs0
2b6eec697000-2b6eec6a8000 rw-s 0fd11000 00:06 12273                      /dev/infiniband/uverbs0
2b6eec6a8000-2b6eec6b9000 rw-s 0fd11000 00:06 12273                      /dev/infiniband/uverbs0
2b6eec6b9000-2b6eec6ca000 rw-s 0fd11000 00:06 12273                      /dev/infiniband/uverbs0
2b6eec6ca000-2b6eec6db000 rw-s 0fd11000 00:06 12273                      /dev/infiniband/uverbs0
2b6eec6db000-2b6eec6ec000 rw-s 0fd11000 00:06 12273                      /dev/infiniband/uverbs0
2b6eec6ec000-2b6eec6fd000 rw-s 0fd11000 00:06 12273                      /dev/infiniband/uverbs0
2b6eec6fd000-2b6eec70e000 rw-s 0fd11000 00:06 12273                      /dev/infiniband/uverbs0
2b6eec70e000-2b6eec71f000 rw-s 0fd11000 00:06 12273                      /dev/infiniband/uverbs0
2b6eec71f000-2b6eec730000 rw-s 0fd11000 00:06 12273                      /dev/infiniband/uverbs0
2b6eec730000-2b6eec741000 rw-s 0fd11000 00:06 12273                      /dev/infiniband/uverbs0
2b6eec741000-2b6eec752000 rw-s 0fd11000 00:06 12273                      /dev/infiniband/uverbs0
2b6eec752000-2b6eec763000 rw-s 0fd11000 00:06 12273                      /dev/infiniband/uverbs0
2b6eec763000-2b6eec774000 rw-s 0fd11000 00:06 12273                      /dev/infiniband/uverbs0
2b6eec774000-2b6eec785000 rw-s 0fd11000 00:06 12273                      /dev/infiniband/uverbs0
2b6eec785000-2b6eec796000 rw-s 0fd11000 00:06 12273                      /dev/infiniband/uverbs0
2b6eec796000-2b6eec7a7000 rw-s 0fd11000 00:06 12273                      /dev/infiniband/uverbs0
2b6eec7a7000-2b6eec7b8000 rw-s 0fd11000 00:06 12273                      /dev/infiniband/uverbs0
2b6eec7b8000-2b6eec7c9000 rw-s 0fd11000 00:06 12273                      /dev/infiniband/uverbs0
2b6eec7c9000-2b6eec7da000 rw-s 0fd11000 00:06 12273                      /dev/infiniband/uverbs0
2b6eec7da000-2b6eec7eb000 rw-s 0fd11000 00:06 12273                      /dev/infiniband/uverbs0
2b6eec7eb000-2b6eec7fc000 rw-s 0fd11000 00:06 12273                      /dev/infiniband/uverbs0
2b6eec7fc000-2b6eec80d000 rw-s 0fd11000 00:06 12273                      /dev/infiniband/uverbs0
2b6eec80d000-2b6eec81e000 rw-s 0fd11000 00:06 12273                      /dev/infiniband/uverbs0
2b6eec81e000-2b6eec82f000 rw-s 0fd11000 00:06 12273                      /dev/infiniband/uverbs0
2b6eec82f000-2b6eec840000 rw-s 0fd11000 00:06 12273                      /dev/infiniband/uverbs0
2b6eec840000-2b6eec851000 rw-s 0fd11000 00:06 12273                      /dev/infiniband/uverbs0
2b6eec851000-2b6eec862000 rw-s 0fd11000 00:06 12273                      /dev/infiniband/uverbs0
2b6eec862000-2b6eec873000 rw-s 0fd11000 00:06 12273                      /dev/infiniband/uverbs0
2b6eec873000-2b6eec884000 rw-s 0fd11000 00:06 12273                      /dev/infiniband/uverbs0
2b6eec884000-2b6eec895000 rw-s 0fd11000 00:06 12273                      /dev/infiniband/uverbs0
2b6eec895000-2b6eec8a6000 rw-s 0fd11000 00:06 12273                      /dev/infiniband/uverbs0
2b6eec8a6000-2b6eec8b7000 rw-s 0fd11000 00:06 12273                      /dev/infiniband/uverbs0
2b6eec8b7000-2b6eec8c8000 rw-s 0fd11000 00:06 12273                      /dev/infiniband/uverbs0
2b6eec8c8000-2b6eec8d9000 rw-s 0fd11000 00:06 12273                      /dev/infiniband/uverbs0
2b6eec8d9000-2b6eec8ea000 rw-s 0fd11000 00:06 12273                      /dev/infiniband/uverbs0
2b6eec8ea000-2b6eec8fb000 rw-s 0fd11000 00:06 12273                      /dev/infiniband/uverbs0
2b6eec8fb000-2b6eec90c000 rw-s 0fd11000 00:06 12273                      /dev/infiniband/uverbs0
2b6eec90c000-2b6eec91d000 rw-s 0fd11000 00:06 12273                      /dev/infiniband/uverbs0
2b6eec91d000-2b6eec92e000 rw-s 0fd11000 00:06 12273                      /dev/infiniband/uverbs0
2b6eec92e000-2b6eec93f000 rw-s 0fd11000 00:06 12273                      /dev/infiniband/uverbs0
2b6eec93f000-2b6eec950000 rw-s 0fd11000 00:06 12273                      /dev/infiniband/uverbs0
2b6eec950000-2b6eec961000 rw-s 0fd11000 00:06 12273                      /dev/infiniband/uverbs0
2b6eec961000-2b6eec972000 rw-s 0fd11000 00:06 12273                      /dev/infiniband/uverbs0
2b6eec972000-2b6eec983000 rw-s 0fd11000 00:06 12273                      /dev/infiniband/uverbs0
2b6eec983000-2b6eec994000 rw-s 0fd11000 00:06 12273                      /dev/infiniband/uverbs0
2b6eec994000-2b6eec9a5000 rw-s 0fd11000 00:06 12273                      /dev/infiniband/uverbs0
2b6eec9a5000-2b6eec9b6000 rw-s 0fd11000 00:06 12273                      /dev/infiniband/uverbs0
2b6eec9b6000-2b6eec9c7000 rw-s 0fd11000 00:06 12273                      /dev/infiniband/uverbs0
2b6eec9c7000-2b6eec9d8000 rw-s 0fd11000 00:06 12273                      /dev/infiniband/uverbs0
2b6eec9d8000-2b6eec9e9000 rw-s 0fd11000 00:06 12273                      /dev/infiniband/uverbs0
2b6eec9e9000-2b6eec9fa000 rw-s 0fd11000 00:06 12273                      /dev/infiniband/uverbs0
2b6eec9fa000-2b6eeca0b000 rw-s 0fd11000 00:06 12273                      /dev/infiniband/uverbs0
2b6eeca0b000-2b6eeca1c000 rw-s 0fd11000 00:06 12273                      /dev/infiniband/uverbs0
2b6eeca1c000-2b6eeca2d000 rw-s 0fd11000 00:06 12273                      /dev/infiniband/uverbs0
2b6eeca2d000-2b6eeca3e000 rw-s 0fd11000 00:06 12273                      /dev/infiniband/uverbs0
2b6eeca3e000-2b6eeca4f000 rw-s 0fd11000 00:06 12273                      /dev/infiniband/uverbs0
2b6eeca4f000-2b6eeca60000 rw-s 0fd11000 00:06 12273                      /dev/infiniband/uverbs0
2b6eeca60000-2b6eeca71000 rw-s 0fd11000 00:06 12273                      /dev/infiniband/uverbs0
2b6eeca71000-2b6eeca82000 rw-s 0fd11000 00:06 12273                      /dev/infiniband/uverbs0
2b6eeca82000-2b6eeca93000 rw-s 0fd11000 00:06 12273                      /dev/infiniband/uverbs0
2b6eeca93000-2b6eecaa4000 rw-s 0fd11000 00:06 12273                      /dev/infiniband/uverbs0
2b6eecaa4000-2b6eecab5000 rw-s 0fd11000 00:06 12273                      /dev/infiniband/uverbs0
2b6eecab5000-2b6eecac6000 rw-s 0fd11000 00:06 12273                      /dev/infiniband/uverbs0
2b6eecac6000-2b6eecad7000 rw-s 0fd11000 00:06 12273                      /dev/infiniband/uverbs0
2b6eecad7000-2b6eecae8000 rw-s 0fd11000 00:06 12273                      /dev/infiniband/uverbs0
2b6eecae8000-2b6eecaf9000 rw-s 0fd11000 00:06 12273                      /dev/infiniband/uverbs0
2b6eecaf9000-2b6eecb0a000 rw-s 0fd11000 00:06 12273                      /dev/infiniband/uverbs0
2b6eecb0a000-2b6eecb1b000 rw-s 0fd11000 00:06 12273                      /dev/infiniband/uverbs0
2b6eecb1b000-2b6eecb2c000 rw-s 0fd11000 00:06 12273                      /dev/infiniband/uverbs0
2b6eecb2c000-2b6eecb3d000 rw-s 0fd11000 00:06 12273                      /dev/infiniband/uverbs0
2b6eecb3d000-2b6eecb4e000 rw-s 0fd11000 00:06 12273                      /dev/infiniband/uverbs0
2b6eecb4e000-2b6eecb5f000 rw-s 0fd11000 00:06 12273                      /dev/infiniband/uverbs0
2b6eecb5f000-2b6eecb70000 rw-s 0fd11000 00:06 12273                      /dev/infiniband/uverbs0
2b6eecb70000-2b6eecb81000 rw-s 0fd11000 00:06 12273                      /dev/infiniband/uverbs0
2b6eecb81000-2b6eecb92000 rw-s 0fd11000 00:06 12273                      /dev/infiniband/uverbs0
2b6eecb92000-2b6eecba3000 rw-s 0fd11000 00:06 12273                      /dev/infiniband/uverbs0
2b6eecba3000-2b6eecbb4000 rw-s 0fd11000 00:06 12273                      /dev/infiniband/uverbs0
2b6eecbb4000-2b6eecbc5000 rw-s 0fd11000 00:06 12273                      /dev/infiniband/uverbs0
2b6eecbc5000-2b6eecbd6000 rw-s 0fd11000 00:06 12273                      /dev/infiniband/uverbs0
2b6eecbd6000-2b6eecbe7000 rw-s 0fd11000 00:06 12273                      /dev/infiniband/uverbs0
2b6eecbe7000-2b6eecbf8000 rw-s 0fd11000 00:06 12273                      /dev/infiniband/uverbs0
2b6eecbf8000-2b6eecc09000 rw-s 0fd11000 00:06 12273                      /dev/infiniband/uverbs0
2b6eecc09000-2b6eecc1a000 rw-s 0fd11000 00:06 12273                      /dev/infiniband/uverbs0
2b6eecc1a000-2b6eecc2b000 rw-s 0fd11000 00:06 12273                      /dev/infiniband/uverbs0
2b6eecc2b000-2b6eecc3c000 rw-s 0fd11000 00:06 12273                      /dev/infiniband/uverbs0
2b6eecc3c000-2b6eecc4d000 rw-s 0fd11000 00:06 12273                      /dev/infiniband/uverbs0
2b6eecc4d000-2b6eecc5e000 rw-s 0fd11000 00:06 12273                      /dev/infiniband/uverbs0
2b6eecc5e000-2b6eecc6f000 rw-s 0fd11000 00:06 12273                      /dev/infiniband/uverbs0
2b6eecc6f000-2b6eecc80000 rw-s 0fd11000 00:06 12273                      /dev/infiniband/uverbs0
2b6eecc80000-2b6eecc91000 rw-s 0fd11000 00:06 12273                      /dev/infiniband/uverbs0
2b6eecc91000-2b6eecca2000 rw-s 0fd11000 00:06 12273                      /dev/infiniband/uverbs0
2b6eecca2000-2b6eeccb3000 rw-s 0fd11000 00:06 12273                      /dev/infiniband/uverbs0
2b6eeccb3000-2b6eeccc4000 rw-s 0fd11000 00:06 12273                      /dev/infiniband/uverbs0
2b6eeccc4000-2b6eeccd5000 rw-s 0fd11000 00:06 12273                      /dev/infiniband/uverbs0
2b6eeccd5000-2b6eecce6000 rw-s 0fd11000 00:06 12273                      /dev/infiniband/uverbs0
2b6eecce6000-2b6eeccf7000 rw-s 0fd11000 00:06 12273                      /dev/infiniband/uverbs0
2b6eeccf7000-2b6eecd08000 rw-s 0fd11000 00:06 12273                      /dev/infiniband/uverbs0
2b6eecd08000-2b6eecd19000 rw-s 0fd11000 00:06 12273                      /dev/infiniband/uverbs0
2b6eecd19000-2b6eecd2a000 rw-s 0fd11000 00:06 12273                      /dev/infiniband/uverbs0
2b6eecd2a000-2b6eecd3b000 rw-s 0fd11000 00:06 12273                      /dev/infiniband/uverbs0
2b6eecd3b000-2b6eecd4c000 rw-s 0fd11000 00:06 12273                      /dev/infiniband/uverbs0
2b6eecd4c000-2b6eecd5d000 rw-s 0fd11000 00:06 12273                      /dev/infiniband/uverbs0
2b6eecd5d000-2b6eecd6e000 rw-s 0fd11000 00:06 12273                      /dev/infiniband/uverbs0
2b6eecd6e000-2b6eecd7f000 rw-s 0fd11000 00:06 12273                      /dev/infiniband/uverbs0
2b6eecd7f000-2b6eecd90000 rw-s 0fd11000 00:06 12273                      /dev/infiniband/uverbs0
2b6eecd90000-2b6eecda1000 rw-s 0fd11000 00:06 12273                      /dev/infiniband/uverbs0
2b6eecda1000-2b6eecdb2000 rw-s 0fd11000 00:06 12273                      /dev/infiniband/uverbs0
2b6eecdb2000-2b6eecdc3000 rw-s 0fd11000 00:06 12273                      /dev/infiniband/uverbs0
2b6eecdc3000-2b6eecdd4000 rw-s 0fd11000 00:06 12273                      /dev/infiniband/uverbs0
2b6eecdd4000-2b6eecde5000 rw-s 0fd11000 00:06 12273                      /dev/infiniband/uverbs0
2b6eecde5000-2b6eecdf6000 rw-s 0fd11000 00:06 12273                      /dev/infiniband/uverbs0
2b6eecdf6000-2b6eece07000 rw-s 0fd11000 00:06 12273                      /dev/infiniband/uverbs0
2b6eece07000-2b6eece18000 rw-s 0fd11000 00:06 12273                      /dev/infiniband/uverbs0
2b6eece18000-2b6eece29000 rw-s 0fd11000 00:06 12273                      /dev/infiniband/uverbs0
2b6eece29000-2b6eece3a000 rw-s 0fd11000 00:06 12273                      /dev/infiniband/uverbs0
2b6eece3a000-2b6eece4b000 rw-s 0fd11000 00:06 12273                      /dev/infiniband/uverbs0
2b6eece4b000-2b6eece5c000 rw-s 0fd11000 00:06 12273                      /dev/infiniband/uverbs0
2b6eece5c000-2b6eece6d000 rw-s 0fd11000 00:06 12273                      /dev/infiniband/uverbs0
2b6eece6d000-2b6eece7e000 rw-s 0fd11000 00:06 12273                      /dev/infiniband/uverbs0
2b6eece7e000-2b6eece8f000 rw-s 0fd11000 00:06 12273                      /dev/infiniband/uverbs0
2b6eece8f000-2b6eecea0000 rw-s 0fd11000 00:06 12273                      /dev/infiniband/uverbs0
2b6eecea0000-2b6eeceb1000 rw-s 0fd11000 00:06 12273                      /dev/infiniband/uverbs0
2b6eeceb1000-2b6eecec2000 rw-s 0fd11000 00:06 12273                      /dev/infiniband/uverbs0
2b6eecec2000-2b6eeced3000 rw-s 0fd11000 00:06 12273                      /dev/infiniband/uverbs0
2b6eeced3000-2b6eecee4000 rw-s 0fd11000 00:06 12273                      /dev/infiniband/uverbs0
2b6eecee4000-2b6eecef5000 rw-s 0fd11000 00:06 12273                      /dev/infiniband/uverbs0
2b6eecef5000-2b6eecf06000 rw-s 0fd11000 00:06 12273                      /dev/infiniband/uverbs0
2b6eecf06000-2b6eecf17000 rw-s 0fd11000 00:06 12273                      /dev/infiniband/uverbs0
2b6eecf17000-2b6eecf28000 rw-s 0fd11000 00:06 12273                      /dev/infiniband/uverbs0
2b6eecf28000-2b6eecf39000 rw-s 0fd11000 00:06 12273                      /dev/infiniband/uverbs0
2b6eecf39000-2b6eecf4a000 rw-s 0fd11000 00:06 12273                      /dev/infiniband/uverbs0
2b6eecf4a000-2b6eecf5b000 rw-s 0fd11000 00:06 12273                      /dev/infiniband/uverbs0
2b6eecf65000-2b6eecfa6000 rw-s 00000000 00:13 20002439                   /dev/shm/Intel_MPI_2lBFyN (deleted)
2b6eecfa6000-2b6f59a1f000 rw-p 00000000 00:00 0 
2b6f5d5fc000-2b6f5d60d000 rw-s 0fd11000 00:06 12273                      /dev/infiniband/uverbs0
2b6f5d60d000-2b6f5d61e000 rw-s 0fd11000 00:06 12273                      /dev/infiniband/uverbs0
2b6f5d61e000-2b6f5d62f000 rw-s 0fd11000 00:06 12273                      /dev/infiniband/uverbs0
2b6f5d62f000-2b6f5d640000 rw-s 0fd11000 00:06 12273                      /dev/infiniband/uverbs0
2b6f5d640000-2b6f5d651000 rw-s 0fd11000 00:06 12273                      /dev/infiniband/uverbs0
2b6f5d651000-2b6f5d662000 rw-s 0fd11000 00:06 12273                      /dev/infiniband/uverbs0
2b6f5d662000-2b6f5d673000 rw-s 0fd11000 00:06 12273                      /dev/infiniband/uverbs0
2b6f5d673000-2b6f5d684000 rw-s 0fd11000 00:06 12273                      /dev/infiniband/uverbs0
2b6f5d684000-2b6f5d695000 rw-s 0fd11000 00:06 12273                      /dev/infiniband/uverbs0
2b6f5d695000-2b6f5d6a6000 rw-s 0fd11000 00:06 12273                      /dev/infiniband/uverbs0
2b6f5d6a6000-2b6f5d6b7000 rw-s 0fd11000 00:06 12273                      /dev/infiniband/uverbs0
2b6f5d6b7000-2b6f5d6c8000 rw-s 0fd11000 00:06 12273                      /dev/infiniband/uverbs0
2b6f5d6c8000-2b6f5d6d9000 rw-s 0fd11000 00:06 12273                      /dev/infiniband/uverbs0
2b6f5d6d9000-2b6f5d6ea000 rw-s 0fd11000 00:06 12273                      /dev/infiniband/uverbs0
2b6f5d6ea000-2b6f5d6fb000 rw-s 0fd11000 00:06 12273                      /dev/infiniband/uverbs0
2b6f5d6fb000-2b6f5d70c000 rw-s 0fd11000 00:06 12273                      /dev/infiniband/uverbs0
2b6f5d70c000-2b6f5d71d000 rw-s 0fd11000 00:06 12273                      /dev/infiniband/uverbs0
2b6f5d71d000-2b6f5d72e000 rw-s 0fd11000 00:06 12273                      /dev/infiniband/uverbs0
2b6f5d72e000-2b6f5d73f000 rw-s 0fd11000 00:06 12273                      /dev/infiniband/uverbs0
2b6f5d73f000-2b6f5d750000 rw-s 0fd11000 00:06 12273                      /dev/infiniband/uverbs0
2b6f5d750000-2b6f5d761000 rw-s 0fd11000 00:06 12273                      /dev/infiniband/uverbs0
2b6f5d761000-2b6f5d772000 rw-s 0fd11000 00:06 12273                      /dev/infiniband/uverbs0
2b6f5d772000-2b6f5d783000 rw-s 0fd11000 00:06 12273                      /dev/infiniband/uverbs0
2b6f5d783000-2b6f5d794000 rw-s 0fd11000 00:06 12273                      /dev/infiniband/uverbs0
2b6f5d794000-2b6f5d7a5000 rw-s 0fd11000 00:06 12273                      /dev/infiniband/uverbs0
2b6f5d7a5000-2b6f5d7b6000 rw-s 0fd11000 00:06 12273                      /dev/infiniband/uverbs0
2b6f5d7b6000-2b6f5d7c7000 rw-s 0fd11000 00:06 12273                      /dev/infiniband/uverbs0
2b6f5d7c7000-2b6f5d7d8000 rw-s 0fd11000 00:06 12273                      /dev/infiniband/uverbs0
2b6f5d7d8000-2b6f5d7e9000 rw-s 0fd11000 00:06 12273                      /dev/infiniband/uverbs0
2b6f5d7e9000-2b6f5d7fa000 rw-s 0fd11000 00:06 12273                      /dev/infiniband/uverbs0
2b6f5d7fa000-2b6f5d80b000 rw-s 0fd11000 00:06 12273                      /dev/infiniband/uverbs0
2b6f5d80b000-2b6f5d81c000 rw-s 0fd11000 00:06 12273                      /dev/infiniband/uverbs0
2b6f5d81c000-2b6f5d82d000 rw-s 0fd11000 00:06 12273                      /dev/infiniband/uverbs0
2b6f5d82d000-2b6f5d83e000 rw-s 0fd11000 00:06 12273                      /dev/infiniband/uverbs0
2b6f5d83e000-2b6f5d84f000 rw-s 0fd11000 00:06 12273                      /dev/infiniband/uverbs0
2b6f5d84f000-2b6f5d860000 rw-s 0fd11000 00:06 12273                      /dev/infiniband/uverbs0
2b6f5d860000-2b6f5d871000 rw-s 0fd11000 00:06 12273                      /dev/infiniband/uverbs0
2b6f5d871000-2b6f5d882000 rw-s 0fd11000 00:06 12273                      /dev/infiniband/uverbs0
2b6f5d882000-2b6f5d893000 rw-s 0fd11000 00:06 12273                      /dev/infiniband/uverbs0
2b6f5d893000-2b6f5d8a4000 rw-s 0fd11000 00:06 12273                      /dev/infiniband/uverbs0
2b6f5d8a4000-2b6f5d8b5000 rw-s 0fd11000 00:06 12273                      /dev/infiniband/uverbs0
2b6f5d8b5000-2b6f5d8c6000 rw-s 0fd11000 00:06 12273                      /dev/infiniband/uverbs0
2b6f5d8c6000-2b6f5d8d7000 rw-s 0fd11000 00:06 12273                      /dev/infiniband/uverbs0
2b6f5d8d7000-2b6f5d8e8000 rw-s 0fd11000 00:06 12273                      /dev/infiniband/uverbs0
2b6f5d8e8000-2b6f5d8f9000 rw-s 0fd11000 00:06 12273                      /dev/infiniband/uverbs0
2b6f5d8f9000-2b6f5d90a000 rw-s 0fd11000 00:06 12273                      /dev/infiniband/uverbs0
2b6f5d90a000-2b6f5d91b000 rw-s 0fd11000 00:06 12273                      /dev/infiniband/uverbs0
2b6f5d91b000-2b6f5d92c000 rw-s 0fd11000 00:06 12273                      /dev/infiniband/uverbs0
2b6f5d92c000-2b6f5d93d000 rw-s 0fd11000 00:06 12273                      /dev/infiniband/uverbs0
2b6f5d93d000-2b6f5d94e000 rw-s 0fd11000 00:06 12273                      /dev/infiniband/uverbs0
2b6f5d94e000-2b6f5d95f000 rw-s 0fd11000 00:06 12273                      /dev/infiniband/uverbs0
2b6f5d95f000-2b6f5d970000 rw-s 0fd11000 00:06 12273                      /dev/infiniband/uverbs0
2b6f5d970000-2b6f5d981000 rw-s 0fd11000 00:06 12273                      /dev/infiniband/uverbs0
2b6f5d981000-2b6f5d992000 rw-s 0fd11000 00:06 12273                      /dev/infiniband/uverbs0
2b6f5d992000-2b6f5d9a3000 rw-s 0fd11000 00:06 12273                      /dev/infiniband/uverbs0
2b6f5d9a3000-2b6f5d9b4000 rw-s 0fd11000 00:06 12273                      /dev/infiniband/uverbs0
2b6f5d9b4000-2b6f5d9c5000 rw-s 0fd11000 00:06 12273                      /dev/infiniband/uverbs0
2b6f5d9c5000-2b6f5d9d6000 rw-s 0fd11000 00:06 12273                      /dev/infiniband/uverbs0
2b6f5d9d6000-2b6f5d9e7000 rw-s 0fd11000 00:06 12273                      /dev/infiniband/uverbs0
2b6f5d9e7000-2b6f5d9f8000 rw-s 0fd11000 00:06 12273                      /dev/infiniband/uverbs0
2b6f5d9f8000-2b6f5da09000 rw-s 0fd11000 00:06 12273                      /dev/infiniband/uverbs0
2b6f5da09000-2b6f5da1a000 rw-s 0fd11000 00:06 12273                      /dev/infiniband/uverbs0
2b6f5da1a000-2b6f5da2b000 rw-s 0fd11000 00:06 12273                      /dev/infiniband/uverbs0
2b6f5da2b000-2b6f5da3c000 rw-s 0fd11000 00:06 12273                      /dev/infiniband/uverbs0
2b6f5da3c000-2b6f5da4d000 rw-s 0fd11000 00:06 12273                      /dev/infiniband/uverbs0
2b6f5da4d000-2b6f5da5e000 rw-s 0fd11000 00:06 12273                      /dev/infiniband/uverbs0
2b6f5da5e000-2b6f5da6f000 rw-s 0fd11000 00:06 12273                      /dev/infiniband/uverbs0
2b6f5da6f000-2b6f5da80000 rw-s 0fd11000 00:06 12273                      /dev/infiniband/uverbs0
2b6f5da80000-2b6f5da91000 rw-s 0fd11000 00:06 12273                      /dev/infiniband/uverbs0
2b6f5da91000-2b6f5daa2000 rw-s 0fd11000 00:06 12273                      /dev/infiniband/uverbs0
2b6f5daa2000-2b6f5dab3000 rw-s 0fd11000 00:06 12273                      /dev/infiniband/uverbs0
2b6f5dab3000-2b6f5dac4000 rw-s 0fd11000 00:06 12273                      /dev/infiniband/uverbs0
2b6f5dac4000-2b6f5dad5000 rw-s 0fd11000 00:06 12273                      /dev/infiniband/uverbs0
2b6f5dad5000-2b6f5dae6000 rw-s 0fd11000 00:06 12273                      /dev/infiniband/uverbs0
2b6f5dae6000-2b6f5daf7000 rw-s 0fd11000 00:06 12273                      /dev/infiniband/uverbs0
2b6f5daf7000-2b6f5db08000 rw-s 0fd11000 00:06 12273                      /dev/infiniband/uverbs0
2b6f5db08000-2b6f5db19000 rw-s 0fd11000 00:06 12273                      /dev/infiniband/uverbs0
2b6f64118000-2b6fc4a90000 rw-p 00000000 00:00 0 
7ffcd29a1000-7ffcd2ecb000 rw-p 00000000 00:00 0                          [stack]
7ffcd2fcd000-7ffcd2fd0000 r--p 00000000 00:00 0                          [vvar]
7ffcd2fd0000-7ffcd2fd2000 r-xp 00000000 00:00 0                          [vdso]
ffffffffff600000-ffffffffff601000 r-xp 00000000 00:00 0                  [vsyscall]
